<?xml version="1.0" ?>
<coverage branch-rate="0.6064" line-rate="0.6936" timestamp="1484676231091" version="4.3.3">
	<!-- Generated by coverage.py: https://coverage.readthedocs.io -->
	<!-- Based on https://raw.githubusercontent.com/cobertura/web/f0366e5e2cf18f111cbd61fc34ef720a6584ba02/htdocs/xml/coverage-03.dtd -->
	<sources>
		<source>/Users/chris_p_maurer/github/cmaurer-graphite-web/webapp</source>
	</sources>
	<packages>
		<package branch-rate="0.4066" complexity="0" line-rate="0.6166" name="graphite">
			<classes>
				<class branch-rate="1" complexity="0" filename="graphite/__init__.py" line-rate="1" name="__init__.py">
					<methods/>
					<lines/>
				</class>
				<class branch-rate="1" complexity="0" filename="graphite/app_settings.py" line-rate="1" name="app_settings.py">
					<methods/>
					<lines>
						<line hits="1" number="17"/>
						<line hits="1" number="21"/>
						<line hits="1" number="22"/>
						<line hits="1" number="23"/>
						<line hits="1" number="29"/>
						<line hits="1" number="55"/>
						<line hits="1" number="58"/>
						<line hits="1" number="62"/>
						<line hits="1" number="64"/>
						<line hits="1" number="73"/>
						<line hits="1" number="75"/>
						<line hits="1" number="93"/>
						<line hits="1" number="95"/>
					</lines>
				</class>
				<class branch-rate="0.4" complexity="0" filename="graphite/carbonlink.py" line-rate="0.5614" name="carbonlink.py">
					<methods/>
					<lines>
						<line hits="1" number="1"/>
						<line hits="1" number="2"/>
						<line hits="1" number="3"/>
						<line hits="1" number="4"/>
						<line hits="1" number="5"/>
						<line hits="1" number="6"/>
						<line hits="1" number="7"/>
						<line hits="1" number="8"/>
						<line hits="1" number="9"/>
						<line hits="1" number="10"/>
						<line hits="1" number="12"/>
						<line hits="1" number="13"/>
						<line hits="0" number="14"/>
						<line hits="0" number="15"/>
						<line hits="1" number="18"/>
						<line branch="true" condition-coverage="50% (1/2)" hits="1" missing-branches="20" number="19"/>
						<line hits="0" number="20"/>
						<line hits="0" number="21"/>
						<line hits="0" number="22"/>
						<line branch="true" condition-coverage="100% (2/2)" hits="1" number="24"/>
						<line hits="1" number="27"/>
						<line hits="1" number="28"/>
						<line hits="1" number="29"/>
						<line branch="true" condition-coverage="100% (2/2)" hits="1" number="30"/>
						<line hits="1" number="31"/>
						<line hits="1" number="32"/>
						<line branch="true" condition-coverage="50% (1/2)" hits="1" missing-branches="34" number="33"/>
						<line hits="0" number="34"/>
						<line hits="1" number="36"/>
						<line hits="1" number="37"/>
						<line hits="1" number="38"/>
						<line hits="1" number="39"/>
						<line branch="true" condition-coverage="100% (2/2)" hits="1" number="41"/>
						<line hits="1" number="42"/>
						<line hits="1" number="44"/>
						<line hits="1" number="46"/>
						<line hits="1" number="47"/>
						<line hits="1" number="48"/>
						<line branch="true" condition-coverage="50% (1/2)" hits="1" missing-branches="58" number="49"/>
						<line hits="1" number="50"/>
						<line branch="true" condition-coverage="50% (1/2)" hits="1" missing-branches="52" number="51"/>
						<line hits="0" number="52"/>
						<line hits="1" number="53"/>
						<line hits="1" number="54"/>
						<line branch="true" condition-coverage="50% (1/2)" hits="1" missing-branches="49" number="55"/>
						<line hits="1" number="56"/>
						<line hits="1" number="58"/>
						<line hits="1" number="59"/>
						<line hits="1" number="61"/>
						<line hits="1" number="62"/>
						<line hits="1" number="63"/>
						<line hits="1" number="64"/>
						<line hits="1" number="66"/>
						<line hits="1" number="68"/>
						<line hits="1" number="69"/>
						<line hits="1" number="70"/>
						<line hits="1" number="71"/>
						<line hits="1" number="72"/>
						<line hits="1" number="73"/>
						<line hits="1" number="74"/>
						<line hits="1" number="76"/>
						<line hits="1" number="77"/>
						<line hits="1" number="78"/>
						<line hits="1" number="79"/>
						<line hits="1" number="80"/>
						<line hits="1" number="81"/>
						<line hits="1" number="82"/>
						<line hits="1" number="83"/>
						<line hits="0" number="85"/>
						<line hits="0" number="86"/>
						<line hits="1" number="88"/>
						<line hits="1" number="89"/>
						<line hits="1" number="90"/>
						<line hits="0" number="91"/>
						<line hits="0" number="92"/>
						<line hits="1" number="94"/>
						<line hits="1" number="95"/>
						<line hits="1" number="96"/>
						<line hits="0" number="97"/>
						<line hits="0" number="98"/>
						<line hits="1" number="100"/>
						<line hits="1" number="101"/>
						<line hits="1" number="102"/>
						<line hits="0" number="103"/>
						<line hits="0" number="104"/>
						<line hits="1" number="106"/>
						<line hits="1" number="107"/>
						<line hits="1" number="108"/>
						<line hits="1" number="109"/>
						<line hits="1" number="110"/>
						<line hits="1" number="111"/>
						<line hits="1" number="112"/>
						<line branch="true" condition-coverage="50% (1/2)" hits="1" missing-branches="115" number="114"/>
						<line hits="0" number="115"/>
						<line branch="true" condition-coverage="50% (1/2)" hits="1" missing-branches="118" number="117"/>
						<line hits="0" number="118"/>
						<line hits="0" number="119"/>
						<line hits="1" number="121"/>
						<line hits="1" number="122"/>
						<line hits="0" number="123"/>
						<line hits="0" number="124"/>
						<line hits="0" number="125"/>
						<line hits="0" number="126"/>
						<line hits="0" number="127"/>
						<line hits="0" number="128"/>
						<line hits="0" number="129"/>
						<line hits="0" number="131"/>
						<line branch="true" condition-coverage="0% (0/2)" hits="0" missing-branches="133,135" number="132"/>
						<line hits="0" number="133"/>
						<line hits="0" number="134"/>
						<line hits="0" number="135"/>
						<line hits="0" number="136"/>
						<line hits="1" number="138"/>
						<line hits="0" number="139"/>
						<line hits="0" number="140"/>
						<line hits="0" number="141"/>
						<line hits="0" number="142"/>
						<line hits="0" number="143"/>
						<line hits="0" number="144"/>
						<line branch="true" condition-coverage="0% (0/2)" hits="0" missing-branches="147,163" number="146"/>
						<line hits="0" number="147"/>
						<line hits="0" number="148"/>
						<line hits="0" number="149"/>
						<line hits="0" number="150"/>
						<line hits="0" number="151"/>
						<line hits="0" number="152"/>
						<line hits="0" number="153"/>
						<line hits="0" number="154"/>
						<line hits="0" number="156"/>
						<line branch="true" condition-coverage="0% (0/2)" hits="0" missing-branches="158,160" number="157"/>
						<line hits="0" number="158"/>
						<line branch="true" condition-coverage="0% (0/2)" hits="0" missing-branches="161,162" number="160"/>
						<line hits="0" number="161"/>
						<line hits="0" number="162"/>
						<line hits="0" number="163"/>
						<line hits="1" number="165"/>
						<line hits="0" number="166"/>
						<line hits="0" number="167"/>
						<line hits="0" number="168"/>
						<line hits="0" number="169"/>
						<line hits="1" number="172"/>
						<line hits="1" number="173"/>
						<line hits="1" number="177"/>
						<line hits="0" number="178"/>
						<line branch="true" condition-coverage="0% (0/2)" hits="0" missing-branches="180,193" number="179"/>
						<line hits="0" number="180"/>
						<line hits="0" number="181"/>
						<line hits="0" number="183"/>
						<line branch="true" condition-coverage="0% (0/2)" hits="0" missing-branches="185,187" number="184"/>
						<line hits="0" number="185"/>
						<line hits="0" number="187"/>
						<line hits="0" number="190"/>
						<line hits="0" number="193"/>
						<line hits="1" number="196"/>
						<line hits="0" number="197"/>
						<line branch="true" condition-coverage="0% (0/2)" hits="0" missing-branches="199,204" number="198"/>
						<line hits="0" number="199"/>
						<line branch="true" condition-coverage="0% (0/2)" hits="0" missing-branches="201,202" number="200"/>
						<line hits="0" number="201"/>
						<line hits="0" number="202"/>
						<line hits="0" number="204"/>
						<line hits="1" number="208"/>
						<line branch="true" condition-coverage="100% (2/2)" hits="1" number="209"/>
						<line hits="1" number="210"/>
						<line hits="1" number="211"/>
						<line hits="1" number="212"/>
						<line branch="true" condition-coverage="50% (1/2)" hits="1" missing-branches="214" number="213"/>
						<line hits="0" number="214"/>
						<line hits="1" number="216"/>
						<line hits="1" number="218"/>
						<line hits="1" number="222"/>
					</lines>
				</class>
				<class branch-rate="0.5" complexity="0" filename="graphite/compat.py" line-rate="0.9091" name="compat.py">
					<methods/>
					<lines>
						<line hits="1" number="1"/>
						<line hits="1" number="3"/>
						<line hits="1" number="4"/>
						<line hits="1" number="5"/>
						<line hits="1" number="9"/>
						<line hits="1" number="10"/>
						<line branch="true" condition-coverage="50% (1/2)" hits="1" missing-branches="12" number="11"/>
						<line hits="0" number="12"/>
						<line hits="1" number="13"/>
						<line hits="1" number="16"/>
						<line hits="1" number="17"/>
						<line hits="1" number="20"/>
						<line hits="1" number="21"/>
						<line hits="1" number="24"/>
						<line hits="1" number="28"/>
						<line branch="true" condition-coverage="50% (1/2)" hits="1" missing-branches="31" number="30"/>
						<line hits="0" number="31"/>
						<line branch="true" condition-coverage="50% (1/2)" hits="1" missing-branches="37" number="35"/>
						<line hits="1" number="36"/>
						<line hits="1" number="37"/>
						<line hits="1" number="38"/>
						<line hits="1" number="39"/>
					</lines>
				</class>
				<class branch-rate="0.03846" complexity="0" filename="graphite/intervals.py" line-rate="0.3875" name="intervals.py">
					<methods/>
					<lines>
						<line hits="1" number="1"/>
						<line hits="1" number="2"/>
						<line hits="1" number="5"/>
						<line hits="1" number="6"/>
						<line hits="1" number="8"/>
						<line hits="0" number="9"/>
						<line branch="true" condition-coverage="0% (0/2)" hits="0" missing-branches="12,14" number="11"/>
						<line hits="0" number="12"/>
						<line branch="true" condition-coverage="0% (0/2)" hits="0" missing-branches="exit,exit" number="14"/>
						<line hits="1" number="16"/>
						<line hits="0" number="17"/>
						<line hits="1" number="19"/>
						<line hits="0" number="20"/>
						<line hits="1" number="22"/>
						<line hits="0" number="23"/>
						<line hits="1" number="25"/>
						<line hits="0" number="26"/>
						<line hits="1" number="28"/>
						<line hits="0" number="29"/>
						<line hits="0" number="30"/>
						<line branch="true" condition-coverage="0% (0/2)" hits="0" missing-branches="33,37" number="32"/>
						<line branch="true" condition-coverage="0% (0/2)" hits="0" missing-branches="32,34" number="33"/>
						<line hits="0" number="34"/>
						<line hits="0" number="35"/>
						<line branch="true" condition-coverage="0% (0/2)" hits="0" missing-branches="38,40" number="37"/>
						<line hits="0" number="38"/>
						<line hits="0" number="40"/>
						<line hits="1" number="42"/>
						<line branch="true" condition-coverage="0% (0/2)" hits="0" missing-branches="45,53" number="44"/>
						<line hits="0" number="45"/>
						<line branch="true" condition-coverage="0% (0/2)" hits="0" missing-branches="exit,58" number="53"/>
						<line hits="0" number="58"/>
						<line hits="1" number="60"/>
						<line branch="true" condition-coverage="0% (0/2)" hits="0" missing-branches="exit,64" number="61"/>
						<line hits="0" number="64"/>
						<line hits="1" number="66"/>
						<line hits="0" number="67"/>
						<line hits="1" number="71"/>
						<line hits="1" number="72"/>
						<line hits="1" number="74"/>
						<line branch="true" condition-coverage="50% (1/2)" hits="1" missing-branches="76" number="75"/>
						<line hits="0" number="76"/>
						<line hits="1" number="78"/>
						<line hits="1" number="79"/>
						<line hits="1" number="80"/>
						<line hits="1" number="81"/>
						<line hits="1" number="83"/>
						<line hits="0" number="84"/>
						<line hits="1" number="86"/>
						<line hits="0" number="87"/>
						<line hits="1" number="89"/>
						<line hits="0" number="90"/>
						<line hits="1" number="92"/>
						<line hits="0" number="93"/>
						<line hits="1" number="95"/>
						<line hits="0" number="96"/>
						<line hits="1" number="98"/>
						<line hits="0" number="99"/>
						<line hits="1" number="101"/>
						<line hits="0" number="102"/>
						<line hits="0" number="103"/>
						<line branch="true" condition-coverage="0% (0/2)" hits="0" missing-branches="exit,106" number="105"/>
						<line hits="0" number="106"/>
						<line hits="1" number="108"/>
						<line hits="0" number="109"/>
						<line hits="0" number="110"/>
						<line hits="0" number="111"/>
						<line hits="1" number="113"/>
						<line branch="true" condition-coverage="0% (0/2)" hits="0" missing-branches="115,117" number="114"/>
						<line hits="0" number="115"/>
						<line hits="0" number="117"/>
						<line hits="0" number="118"/>
						<line hits="0" number="119"/>
						<line hits="1" number="122"/>
						<line hits="0" number="124"/>
						<line branch="true" condition-coverage="0% (0/2)" hits="0" missing-branches="127,132" number="126"/>
						<line branch="true" condition-coverage="0% (0/2)" hits="0" missing-branches="128,130" number="127"/>
						<line hits="0" number="128"/>
						<line hits="0" number="130"/>
						<line hits="0" number="132"/>
					</lines>
				</class>
				<class branch-rate="1" complexity="0" filename="graphite/logger.py" line-rate="0.8478" name="logger.py">
					<methods/>
					<lines>
						<line hits="1" number="15"/>
						<line hits="1" number="16"/>
						<line hits="1" number="17"/>
						<line hits="1" number="18"/>
						<line hits="0" number="19"/>
						<line hits="0" number="20"/>
						<line hits="0" number="22"/>
						<line hits="0" number="24"/>
						<line hits="0" number="25"/>
						<line hits="1" number="26"/>
						<line hits="1" number="27"/>
						<line hits="0" number="28"/>
						<line hits="0" number="29"/>
						<line hits="1" number="30"/>
						<line hits="1" number="32"/>
						<line hits="1" number="33"/>
						<line hits="1" number="35"/>
						<line hits="1" number="36"/>
						<line hits="1" number="37"/>
						<line hits="1" number="42"/>
						<line hits="1" number="46"/>
						<line hits="1" number="50"/>
						<line hits="1" number="55"/>
						<line hits="1" number="56"/>
						<line hits="1" number="58"/>
						<line hits="1" number="59"/>
						<line branch="true" condition-coverage="100% (2/2)" hits="1" number="60"/>
						<line hits="1" number="61"/>
						<line branch="true" condition-coverage="100% (2/2)" hits="1" number="62"/>
						<line hits="1" number="63"/>
						<line branch="true" condition-coverage="100% (2/2)" hits="1" number="64"/>
						<line hits="1" number="65"/>
						<line hits="1" number="67"/>
						<line hits="1" number="68"/>
						<line hits="1" number="69"/>
						<line hits="1" number="71"/>
						<line hits="1" number="72"/>
						<line hits="1" number="74"/>
						<line hits="1" number="75"/>
						<line hits="1" number="77"/>
						<line hits="1" number="78"/>
						<line hits="1" number="80"/>
						<line hits="1" number="81"/>
						<line hits="1" number="83"/>
						<line hits="1" number="84"/>
						<line hits="1" number="87"/>
					</lines>
				</class>
				<class branch-rate="1" complexity="0" filename="graphite/middleware.py" line-rate="1" name="middleware.py">
					<methods/>
					<lines>
						<line hits="1" number="1"/>
						<line hits="1" number="3"/>
						<line hits="1" number="4"/>
						<line hits="1" number="5"/>
						<line hits="1" number="6"/>
					</lines>
				</class>
				<class branch-rate="1" complexity="0" filename="graphite/node.py" line-rate="0.8696" name="node.py">
					<methods/>
					<lines>
						<line hits="1" number="3"/>
						<line hits="1" number="4"/>
						<line hits="1" number="6"/>
						<line hits="1" number="7"/>
						<line hits="1" number="8"/>
						<line hits="1" number="9"/>
						<line hits="1" number="10"/>
						<line hits="1" number="12"/>
						<line hits="0" number="13"/>
						<line hits="1" number="16"/>
						<line hits="1" number="17"/>
						<line hits="1" number="20"/>
						<line hits="1" number="21"/>
						<line hits="1" number="23"/>
						<line hits="1" number="24"/>
						<line hits="1" number="25"/>
						<line hits="1" number="26"/>
						<line hits="1" number="28"/>
						<line hits="1" number="29"/>
						<line hits="1" number="31"/>
						<line hits="0" number="33"/>
						<line hits="1" number="35"/>
						<line hits="0" number="36"/>
					</lines>
				</class>
				<class branch-rate="0.25" complexity="0" filename="graphite/readers.py" line-rate="0.4163" name="readers.py">
					<methods/>
					<lines>
						<line hits="1" number="1"/>
						<line hits="1" number="2"/>
						<line hits="1" number="3"/>
						<line hits="1" number="4"/>
						<line hits="1" number="5"/>
						<line hits="1" number="6"/>
						<line hits="1" number="7"/>
						<line hits="1" number="9"/>
						<line hits="1" number="10"/>
						<line hits="0" number="11"/>
						<line hits="0" number="12"/>
						<line branch="true" condition-coverage="50% (1/2)" hits="1" missing-branches="19" number="16"/>
						<line hits="1" number="17"/>
						<line hits="1" number="19"/>
						<line hits="1" number="20"/>
						<line hits="0" number="21"/>
						<line hits="0" number="22"/>
						<line hits="1" number="24"/>
						<line hits="1" number="25"/>
						<line hits="1" number="26"/>
						<line hits="1" number="27"/>
						<line hits="1" number="29"/>
						<line hits="1" number="30"/>
						<line hits="0" number="31"/>
						<line hits="0" number="32"/>
						<line hits="1" number="35"/>
						<line hits="1" number="36"/>
						<line hits="0" number="37"/>
						<line hits="1" number="39"/>
						<line hits="0" number="40"/>
						<line hits="1" number="43"/>
						<line hits="1" number="44"/>
						<line hits="1" number="46"/>
						<line hits="0" number="47"/>
						<line hits="1" number="49"/>
						<line hits="0" number="50"/>
						<line branch="true" condition-coverage="0% (0/2)" hits="0" missing-branches="52,53" number="51"/>
						<line hits="0" number="52"/>
						<line hits="0" number="53"/>
						<line hits="1" number="55"/>
						<line hits="0" number="57"/>
						<line branch="true" condition-coverage="0% (0/2)" hits="0" missing-branches="60,65" number="59"/>
						<line hits="0" number="60"/>
						<line hits="0" number="61"/>
						<line hits="0" number="62"/>
						<line hits="0" number="63"/>
						<line hits="0" number="65"/>
						<line hits="0" number="66"/>
						<line branch="true" condition-coverage="0% (0/2)" hits="0" missing-branches="70,77" number="69"/>
						<line branch="true" condition-coverage="0% (0/2)" hits="0" missing-branches="69,71" number="70"/>
						<line hits="0" number="71"/>
						<line hits="0" number="72"/>
						<line hits="0" number="73"/>
						<line hits="0" number="74"/>
						<line hits="0" number="75"/>
						<line hits="0" number="77"/>
						<line branch="true" condition-coverage="0% (0/2)" hits="0" missing-branches="79,81" number="78"/>
						<line hits="0" number="79"/>
						<line hits="0" number="81"/>
						<line hits="0" number="83"/>
						<line hits="1" number="85"/>
						<line branch="true" condition-coverage="0% (0/2)" hits="0" missing-branches="88,90" number="87"/>
						<line hits="0" number="88"/>
						<line hits="0" number="90"/>
						<line hits="0" number="91"/>
						<line hits="0" number="92"/>
						<line hits="0" number="93"/>
						<line hits="0" number="95"/>
						<line hits="0" number="96"/>
						<line hits="0" number="97"/>
						<line hits="0" number="98"/>
						<line hits="0" number="99"/>
						<line hits="0" number="101"/>
						<line branch="true" condition-coverage="0% (0/2)" hits="0" missing-branches="104,125" number="102"/>
						<line hits="0" number="104"/>
						<line branch="true" condition-coverage="0% (0/2)" hits="0" missing-branches="107,109" number="106"/>
						<line hits="0" number="107"/>
						<line hits="0" number="109"/>
						<line branch="true" condition-coverage="0% (0/2)" hits="0" missing-branches="112,121" number="111"/>
						<line hits="0" number="112"/>
						<line branch="true" condition-coverage="0% (0/2)" hits="0" missing-branches="115,117" number="114"/>
						<line hits="0" number="115"/>
						<line hits="0" number="117"/>
						<line hits="0" number="119"/>
						<line hits="0" number="121"/>
						<line hits="0" number="123"/>
						<line hits="0" number="125"/>
						<line hits="1" number="128"/>
						<line hits="1" number="129"/>
						<line hits="1" number="130"/>
						<line hits="1" number="132"/>
						<line hits="1" number="133"/>
						<line hits="1" number="134"/>
						<line hits="1" number="136"/>
						<line hits="0" number="137"/>
						<line branch="true" condition-coverage="0% (0/2)" hits="0" missing-branches="139,142" number="138"/>
						<line hits="0" number="139"/>
						<line hits="0" number="140"/>
						<line hits="0" number="142"/>
						<line hits="1" number="144"/>
						<line hits="0" number="145"/>
						<line hits="0" number="146"/>
						<line hits="0" number="147"/>
						<line hits="0" number="150"/>
						<line hits="0" number="151"/>
						<line hits="0" number="152"/>
						<line hits="0" number="153"/>
						<line hits="0" number="154"/>
						<line hits="0" number="156"/>
						<line hits="0" number="161"/>
						<line hits="1" number="164"/>
						<line hits="1" number="165"/>
						<line hits="1" number="166"/>
						<line hits="1" number="168"/>
						<line hits="1" number="169"/>
						<line hits="1" number="170"/>
						<line hits="1" number="172"/>
						<line hits="0" number="173"/>
						<line hits="0" number="174"/>
						<line hits="0" number="175"/>
						<line hits="1" number="177"/>
						<line hits="1" number="178"/>
						<line branch="true" condition-coverage="50% (1/2)" hits="1" missing-branches="180" number="179"/>
						<line hits="0" number="180"/>
						<line hits="1" number="182"/>
						<line hits="1" number="183"/>
						<line hits="1" number="185"/>
						<line hits="1" number="186"/>
						<line hits="1" number="187"/>
						<line hits="1" number="189"/>
						<line hits="1" number="190"/>
						<line hits="1" number="191"/>
						<line hits="1" number="192"/>
						<line hits="1" number="193"/>
						<line hits="1" number="194"/>
						<line branch="true" condition-coverage="50% (1/2)" hits="1" missing-branches="197" number="196"/>
						<line hits="0" number="197"/>
						<line hits="1" number="199"/>
						<line hits="1" number="205"/>
						<line hits="1" number="208"/>
						<line hits="1" number="209"/>
						<line hits="1" number="211"/>
						<line hits="0" number="212"/>
						<line hits="0" number="213"/>
						<line hits="0" number="214"/>
						<line hits="0" number="216"/>
						<line hits="0" number="218"/>
						<line hits="0" number="219"/>
						<line hits="0" number="220"/>
						<line hits="1" number="222"/>
						<line hits="0" number="223"/>
						<line hits="0" number="224"/>
						<line hits="0" number="225"/>
						<line hits="0" number="227"/>
						<line hits="1" number="230"/>
						<line hits="1" number="231"/>
						<line hits="1" number="233"/>
						<line branch="true" condition-coverage="0% (0/2)" hits="0" missing-branches="236,237" number="235"/>
						<line hits="0" number="236"/>
						<line hits="0" number="237"/>
						<line hits="1" number="239"/>
						<line hits="0" number="240"/>
						<line hits="0" number="241"/>
						<line hits="1" number="243"/>
						<line hits="0" number="244"/>
						<line hits="0" number="245"/>
						<line hits="0" number="246"/>
						<line hits="1" number="248"/>
						<line hits="0" number="249"/>
						<line hits="0" number="250"/>
						<line branch="true" condition-coverage="0% (0/2)" hits="0" missing-branches="253,255" number="252"/>
						<line hits="0" number="253"/>
						<line hits="0" number="255"/>
						<line hits="0" number="256"/>
						<line hits="0" number="257"/>
						<line branch="true" condition-coverage="0% (0/2)" hits="0" missing-branches="exit,260" number="258"/>
						<line hits="0" number="260"/>
						<line hits="1" number="262"/>
						<line hits="0" number="264"/>
						<line branch="true" condition-coverage="0% (0/2)" hits="0" missing-branches="267,269" number="266"/>
						<line hits="0" number="267"/>
						<line hits="0" number="269"/>
						<line branch="true" condition-coverage="0% (0/2)" hits="0" missing-branches="exit,271" number="270"/>
						<line hits="0" number="271"/>
						<line hits="1" number="273"/>
						<line hits="0" number="275"/>
						<line branch="true" condition-coverage="0% (0/2)" hits="0" missing-branches="277,280" number="276"/>
						<line hits="0" number="277"/>
						<line hits="0" number="280"/>
						<line hits="0" number="281"/>
						<line branch="true" condition-coverage="0% (0/2)" hits="0" missing-branches="283,286" number="282"/>
						<line hits="0" number="283"/>
						<line hits="0" number="284"/>
						<line hits="0" number="286"/>
						<line branch="true" condition-coverage="0% (0/2)" hits="0" missing-branches="288,292" number="287"/>
						<line hits="0" number="288"/>
						<line branch="true" condition-coverage="0% (0/2)" hits="0" missing-branches="287,290" number="289"/>
						<line hits="0" number="290"/>
						<line hits="0" number="292"/>
						<line hits="1" number="295"/>
						<line hits="1" number="297"/>
						<line hits="1" number="300"/>
						<line hits="1" number="301"/>
						<line branch="true" condition-coverage="50% (1/2)" hits="1" missing-branches="exit" number="302"/>
						<line branch="true" condition-coverage="50% (1/2)" hits="1" missing-branches="305" number="303"/>
						<line hits="1" number="304"/>
						<line branch="true" condition-coverage="0% (0/2)" hits="0" missing-branches="306,307" number="305"/>
						<line hits="0" number="306"/>
						<line branch="true" condition-coverage="0% (0/2)" hits="0" missing-branches="308,309" number="307"/>
						<line hits="0" number="308"/>
						<line branch="true" condition-coverage="0% (0/2)" hits="0" missing-branches="310,311" number="309"/>
						<line hits="0" number="310"/>
						<line hits="0" number="311"/>
						<line branch="true" condition-coverage="100% (2/2)" hits="1" number="313"/>
						<line hits="1" number="314"/>
						<line branch="true" condition-coverage="100% (2/2)" hits="1" number="315"/>
						<line hits="1" number="316"/>
						<line branch="true" condition-coverage="100% (2/2)" hits="1" number="317"/>
						<line hits="1" number="318"/>
						<line hits="1" number="320"/>
						<line branch="true" condition-coverage="100% (2/2)" hits="1" number="321"/>
						<line hits="1" number="322"/>
						<line hits="1" number="323"/>
						<line hits="1" number="326"/>
						<line branch="true" condition-coverage="100% (2/2)" hits="1" number="328"/>
						<line hits="1" number="329"/>
						<line hits="1" number="330"/>
						<line branch="true" condition-coverage="100% (2/2)" hits="1" number="331"/>
						<line hits="1" number="337"/>
						<line hits="1" number="338"/>
						<line hits="0" number="339"/>
						<line hits="0" number="340"/>
						<line hits="1" number="342"/>
					</lines>
				</class>
				<class branch-rate="0.2222" complexity="0" filename="graphite/remote_storage.py" line-rate="0.4345" name="remote_storage.py">
					<methods/>
					<lines>
						<line hits="1" number="1"/>
						<line hits="1" number="2"/>
						<line hits="1" number="3"/>
						<line hits="1" number="4"/>
						<line hits="1" number="5"/>
						<line hits="1" number="6"/>
						<line hits="1" number="7"/>
						<line hits="1" number="8"/>
						<line hits="1" number="9"/>
						<line hits="1" number="10"/>
						<line hits="1" number="11"/>
						<line hits="1" number="13"/>
						<line hits="1" number="14"/>
						<line hits="1" number="16"/>
						<line hits="1" number="17"/>
						<line branch="true" condition-coverage="100% (2/2)" hits="1" number="18"/>
						<line hits="1" number="20"/>
						<line hits="1" number="21"/>
						<line hits="1" number="23"/>
						<line hits="1" number="24"/>
						<line hits="1" number="25"/>
						<line hits="1" number="26"/>
						<line hits="1" number="28"/>
						<line hits="1" number="29"/>
						<line hits="1" number="32"/>
						<line hits="1" number="33"/>
						<line hits="1" number="36"/>
						<line hits="1" number="37"/>
						<line hits="1" number="38"/>
						<line hits="1" number="39"/>
						<line hits="1" number="40"/>
						<line branch="true" condition-coverage="50% (1/2)" hits="1" missing-branches="43" number="42"/>
						<line hits="0" number="43"/>
						<line hits="1" number="45"/>
						<line branch="true" condition-coverage="50% (1/2)" hits="1" missing-branches="48" number="47"/>
						<line hits="0" number="48"/>
						<line hits="1" number="50"/>
						<line hits="1" number="52"/>
						<line hits="1" number="53"/>
						<line hits="1" number="55"/>
						<line hits="1" number="56"/>
						<line hits="1" number="58"/>
						<line branch="true" condition-coverage="50% (1/2)" hits="1" missing-branches="60" number="59"/>
						<line hits="0" number="60"/>
						<line hits="0" number="61"/>
						<line hits="1" number="63"/>
						<line branch="true" condition-coverage="50% (1/2)" hits="1" missing-branches="69" number="68"/>
						<line hits="0" number="69"/>
						<line branch="true" condition-coverage="50% (1/2)" hits="1" missing-branches="72" number="71"/>
						<line hits="0" number="72"/>
						<line hits="1" number="74"/>
						<line hits="1" number="76"/>
						<line hits="1" number="77"/>
						<line hits="1" number="78"/>
						<line hits="1" number="79"/>
						<line hits="1" number="80"/>
						<line hits="1" number="81"/>
						<line hits="1" number="82"/>
						<line hits="1" number="83"/>
						<line hits="1" number="84"/>
						<line hits="1" number="86"/>
						<line branch="true" condition-coverage="50% (1/2)" hits="1" missing-branches="90" number="87"/>
						<line hits="1" number="88"/>
						<line branch="true" condition-coverage="0% (0/2)" hits="0" missing-branches="91,93" number="90"/>
						<line hits="0" number="91"/>
						<line branch="true" condition-coverage="0% (0/2)" hits="0" missing-branches="94,96" number="93"/>
						<line hits="0" number="94"/>
						<line hits="0" number="96"/>
						<line hits="0" number="97"/>
						<line hits="0" number="98"/>
						<line hits="0" number="99"/>
						<line hits="0" number="100"/>
						<line hits="0" number="101"/>
						<line hits="0" number="102"/>
						<line hits="0" number="103"/>
						<line hits="0" number="105"/>
						<line hits="0" number="106"/>
						<line hits="0" number="107"/>
						<line hits="0" number="108"/>
						<line hits="0" number="110"/>
						<line branch="true" condition-coverage="0% (0/2)" hits="0" missing-branches="exit,113" number="112"/>
						<line branch="true" condition-coverage="0% (0/2)" hits="0" missing-branches="114,117" number="113"/>
						<line hits="0" number="114"/>
						<line hits="0" number="115"/>
						<line hits="0" number="117"/>
						<line hits="0" number="119"/>
						<line hits="0" number="120"/>
						<line hits="1" number="123"/>
						<line hits="1" number="124"/>
						<line hits="1" number="126"/>
						<line hits="0" number="127"/>
						<line hits="0" number="128"/>
						<line hits="0" number="129"/>
						<line hits="0" number="130"/>
						<line hits="0" number="131"/>
						<line hits="0" number="132"/>
						<line hits="0" number="133"/>
						<line hits="1" number="135"/>
						<line hits="0" number="136"/>
						<line hits="0" number="137"/>
						<line hits="0" number="138"/>
						<line hits="0" number="139"/>
						<line hits="0" number="140"/>
						<line hits="0" number="141"/>
						<line hits="0" number="142"/>
						<line hits="0" number="143"/>
						<line hits="0" number="144"/>
						<line hits="0" number="145"/>
						<line hits="0" number="146"/>
						<line hits="1" number="148"/>
						<line hits="0" number="153"/>
						<line branch="true" condition-coverage="0% (0/2)" hits="0" missing-branches="155,157" number="154"/>
						<line hits="0" number="155"/>
						<line branch="true" condition-coverage="0% (0/2)" hits="0" missing-branches="158,159" number="157"/>
						<line hits="0" number="158"/>
						<line hits="0" number="159"/>
						<line hits="1" number="161"/>
						<line hits="0" number="162"/>
						<line hits="0" number="163"/>
						<line hits="0" number="166"/>
						<line hits="0" number="167"/>
						<line hits="0" number="168"/>
						<line hits="0" number="169"/>
						<line branch="true" condition-coverage="0% (0/2)" hits="0" missing-branches="172,173" number="171"/>
						<line hits="0" number="172"/>
						<line hits="0" number="173"/>
						<line branch="true" condition-coverage="0% (0/2)" hits="0" missing-branches="exit,178" number="174"/>
						<line hits="0" number="178"/>
						<line hits="0" number="179"/>
						<line hits="0" number="180"/>
						<line hits="0" number="181"/>
						<line hits="0" number="182"/>
						<line hits="0" number="184"/>
						<line hits="1" number="186"/>
						<line hits="1" number="187"/>
						<line hits="1" number="188"/>
						<line hits="1" number="189"/>
						<line hits="1" number="191"/>
						<line hits="0" number="192"/>
						<line hits="0" number="193"/>
						<line hits="0" number="194"/>
						<line hits="0" number="195"/>
						<line hits="0" number="196"/>
						<line hits="1" number="198"/>
						<line hits="0" number="199"/>
						<line hits="1" number="201"/>
						<line hits="0" number="202"/>
						<line hits="1" number="204"/>
						<line hits="0" number="205"/>
						<line hits="0" number="213"/>
						<line hits="0" number="214"/>
						<line hits="0" number="215"/>
						<line hits="0" number="217"/>
						<line hits="0" number="219"/>
						<line hits="0" number="220"/>
						<line branch="true" condition-coverage="0% (0/2)" hits="0" missing-branches="222,223" number="221"/>
						<line hits="0" number="222"/>
						<line hits="0" number="223"/>
						<line hits="0" number="224"/>
						<line hits="0" number="226"/>
						<line hits="1" number="228"/>
						<line hits="0" number="229"/>
						<line branch="true" condition-coverage="0% (0/2)" hits="0" missing-branches="231,232" number="230"/>
						<line branch="true" condition-coverage="0% (0/2)" hits="0" missing-branches="exit,232" number="231"/>
						<line hits="0" number="232"/>
						<line hits="1" number="234"/>
						<line hits="0" number="235"/>
						<line hits="0" number="236"/>
					</lines>
				</class>
				<class branch-rate="0.46" complexity="0" filename="graphite/settings.py" line-rate="0.8896" name="settings.py">
					<methods/>
					<lines>
						<line hits="1" number="16"/>
						<line hits="1" number="17"/>
						<line hits="1" number="18"/>
						<line hits="1" number="19"/>
						<line hits="1" number="21"/>
						<line hits="1" number="24"/>
						<line hits="1" number="25"/>
						<line hits="1" number="26"/>
						<line hits="1" number="27"/>
						<line hits="1" number="29"/>
						<line hits="1" number="32"/>
						<line hits="1" number="33"/>
						<line hits="1" number="34"/>
						<line hits="1" number="37"/>
						<line hits="1" number="38"/>
						<line hits="1" number="39"/>
						<line hits="1" number="40"/>
						<line hits="1" number="41"/>
						<line hits="1" number="42"/>
						<line hits="1" number="43"/>
						<line hits="1" number="44"/>
						<line hits="1" number="45"/>
						<line hits="1" number="46"/>
						<line hits="1" number="47"/>
						<line hits="1" number="48"/>
						<line hits="1" number="49"/>
						<line hits="1" number="50"/>
						<line hits="1" number="53"/>
						<line hits="1" number="55"/>
						<line hits="1" number="56"/>
						<line hits="1" number="57"/>
						<line hits="1" number="58"/>
						<line hits="1" number="59"/>
						<line hits="1" number="60"/>
						<line hits="1" number="61"/>
						<line hits="1" number="62"/>
						<line hits="1" number="63"/>
						<line hits="1" number="64"/>
						<line hits="1" number="65"/>
						<line hits="1" number="66"/>
						<line hits="1" number="67"/>
						<line hits="1" number="68"/>
						<line hits="1" number="69"/>
						<line hits="1" number="70"/>
						<line hits="1" number="71"/>
						<line hits="1" number="72"/>
						<line hits="1" number="73"/>
						<line hits="1" number="74"/>
						<line hits="1" number="76"/>
						<line hits="1" number="77"/>
						<line hits="1" number="78"/>
						<line hits="1" number="79"/>
						<line hits="1" number="82"/>
						<line hits="1" number="83"/>
						<line hits="1" number="84"/>
						<line hits="1" number="85"/>
						<line hits="1" number="88"/>
						<line hits="1" number="89"/>
						<line hits="1" number="90"/>
						<line hits="1" number="91"/>
						<line hits="1" number="92"/>
						<line hits="1" number="93"/>
						<line hits="1" number="96"/>
						<line hits="1" number="97"/>
						<line hits="1" number="98"/>
						<line hits="1" number="101"/>
						<line hits="1" number="102"/>
						<line hits="1" number="103"/>
						<line hits="1" number="104"/>
						<line hits="1" number="105"/>
						<line hits="1" number="106"/>
						<line hits="1" number="107"/>
						<line hits="1" number="108"/>
						<line hits="1" number="109"/>
						<line hits="1" number="112"/>
						<line hits="1" number="113"/>
						<line hits="1" number="114"/>
						<line hits="1" number="117"/>
						<line hits="1" number="120"/>
						<line hits="1" number="123"/>
						<line hits="1" number="126"/>
						<line hits="1" number="129"/>
						<line hits="1" number="132"/>
						<line hits="1" number="136"/>
						<line hits="1" number="138"/>
						<line hits="1" number="141"/>
						<line hits="1" number="144"/>
						<line hits="1" number="145"/>
						<line hits="1" number="146"/>
						<line hits="1" number="147"/>
						<line branch="true" condition-coverage="50% (1/2)" hits="1" missing-branches="153" number="150"/>
						<line hits="1" number="151"/>
						<line hits="1" number="153"/>
						<line branch="true" condition-coverage="50% (1/2)" hits="1" missing-branches="162" number="159"/>
						<line hits="1" number="160"/>
						<line branch="true" condition-coverage="50% (1/2)" hits="1" missing-branches="164" number="162"/>
						<line hits="1" number="163"/>
						<line branch="true" condition-coverage="50% (1/2)" hits="1" missing-branches="166" number="164"/>
						<line hits="1" number="165"/>
						<line branch="true" condition-coverage="50% (1/2)" hits="1" missing-branches="169" number="166"/>
						<line hits="1" number="167"/>
						<line branch="true" condition-coverage="50% (1/2)" hits="1" missing-branches="171" number="169"/>
						<line hits="1" number="170"/>
						<line branch="true" condition-coverage="50% (1/2)" hits="1" missing-branches="173" number="171"/>
						<line hits="1" number="172"/>
						<line branch="true" condition-coverage="50% (1/2)" hits="1" missing-branches="175" number="173"/>
						<line hits="1" number="174"/>
						<line branch="true" condition-coverage="50% (1/2)" hits="1" missing-branches="177" number="175"/>
						<line hits="1" number="176"/>
						<line branch="true" condition-coverage="50% (1/2)" hits="1" missing-branches="179" number="177"/>
						<line hits="1" number="178"/>
						<line branch="true" condition-coverage="50% (1/2)" hits="1" missing-branches="181" number="179"/>
						<line hits="1" number="180"/>
						<line branch="true" condition-coverage="50% (1/2)" hits="1" missing-branches="183" number="181"/>
						<line hits="1" number="182"/>
						<line branch="true" condition-coverage="50% (1/2)" hits="1" missing-branches="203" number="183"/>
						<line hits="1" number="184"/>
						<line hits="1" number="185"/>
						<line branch="true" condition-coverage="50% (1/2)" hits="1" missing-branches="187" number="186"/>
						<line hits="0" number="187"/>
						<line hits="0" number="188"/>
						<line hits="0" number="189"/>
						<line hits="1" number="190"/>
						<line hits="1" number="191"/>
						<line branch="true" condition-coverage="50% (1/2)" hits="1" missing-branches="193" number="192"/>
						<line hits="0" number="193"/>
						<line hits="0" number="194"/>
						<line hits="0" number="195"/>
						<line hits="1" number="196"/>
						<line hits="1" number="197"/>
						<line branch="true" condition-coverage="0% (0/2)" hits="0" missing-branches="199,203" number="198"/>
						<line hits="0" number="199"/>
						<line hits="1" number="200"/>
						<line hits="1" number="201"/>
						<line branch="true" condition-coverage="50% (1/2)" hits="1" missing-branches="216" number="203"/>
						<line hits="1" number="204"/>
						<line branch="true" condition-coverage="50% (1/2)" hits="1" missing-branches="217" number="216"/>
						<line hits="0" number="217"/>
						<line branch="true" condition-coverage="50% (1/2)" hits="1" missing-branches="223" number="221"/>
						<line hits="0" number="223"/>
						<line branch="true" condition-coverage="50% (1/2)" hits="1" missing-branches="227" number="226"/>
						<line hits="0" number="227"/>
						<line branch="true" condition-coverage="50% (1/2)" hits="1" missing-branches="236" number="235"/>
						<line hits="0" number="236"/>
						<line branch="true" condition-coverage="50% (1/2)" hits="1" missing-branches="239" number="238"/>
						<line hits="0" number="239"/>
						<line branch="true" condition-coverage="0% (0/2)" hits="0" missing-branches="241,243" number="240"/>
						<line hits="0" number="241"/>
						<line hits="0" number="243"/>
						<line branch="true" condition-coverage="50% (1/2)" hits="1" missing-branches="246" number="245"/>
						<line hits="0" number="246"/>
						<line branch="true" condition-coverage="50% (1/2)" hits="1" missing-branches="251" number="248"/>
						<line hits="1" number="249"/>
						<line hits="1" number="251"/>
					</lines>
				</class>
				<class branch-rate="0.5" complexity="0" filename="graphite/storage.py" line-rate="0.5882" name="storage.py">
					<methods/>
					<lines>
						<line hits="1" number="1"/>
						<line hits="1" number="2"/>
						<line hits="1" number="4"/>
						<line hits="1" number="5"/>
						<line hits="0" number="6"/>
						<line hits="0" number="7"/>
						<line hits="1" number="9"/>
						<line hits="1" number="11"/>
						<line hits="1" number="12"/>
						<line hits="1" number="13"/>
						<line hits="1" number="14"/>
						<line hits="1" number="15"/>
						<line hits="1" number="18"/>
						<line hits="1" number="19"/>
						<line hits="1" number="20"/>
						<line hits="1" number="21"/>
						<line hits="1" number="24"/>
						<line hits="1" number="25"/>
						<line branch="true" condition-coverage="100% (2/2)" hits="1" number="26"/>
						<line hits="1" number="27"/>
						<line hits="1" number="29"/>
						<line branch="true" condition-coverage="50% (1/2)" hits="1" missing-branches="33" number="31"/>
						<line hits="1" number="32"/>
						<line hits="1" number="33"/>
						<line hits="1" number="34"/>
						<line hits="1" number="37"/>
						<line hits="1" number="38"/>
						<line branch="true" condition-coverage="100% (2/2)" hits="1" number="41"/>
						<line hits="1" number="42"/>
						<line hits="1" number="43"/>
						<line hits="1" number="45"/>
						<line branch="true" condition-coverage="100% (2/2)" hits="1" number="48"/>
						<line branch="true" condition-coverage="100% (2/2)" hits="1" number="49"/>
						<line hits="1" number="51"/>
						<line branch="true" condition-coverage="100% (2/2)" hits="1" number="54"/>
						<line branch="true" condition-coverage="100% (2/2)" hits="1" number="55"/>
						<line branch="true" condition-coverage="50% (1/2)" hits="1" missing-branches="58" number="56"/>
						<line hits="0" number="58"/>
						<line hits="1" number="61"/>
						<line branch="true" condition-coverage="100% (2/2)" hits="1" number="62"/>
						<line branch="true" condition-coverage="100% (2/2)" hits="1" number="63"/>
						<line hits="1" number="64"/>
						<line hits="1" number="66"/>
						<line hits="1" number="69"/>
						<line hits="1" number="71"/>
						<line hits="1" number="72"/>
						<line branch="true" condition-coverage="100% (2/2)" hits="1" number="74"/>
						<line hits="1" number="75"/>
						<line branch="true" condition-coverage="100% (2/2)" hits="1" number="78"/>
						<line branch="true" condition-coverage="100% (2/2)" hits="1" number="79"/>
						<line hits="1" number="80"/>
						<line branch="true" condition-coverage="50% (1/2)" hits="1" missing-branches="78" number="81"/>
						<line hits="1" number="82"/>
						<line hits="1" number="83"/>
						<line branch="true" condition-coverage="100% (2/2)" hits="1" number="85"/>
						<line hits="1" number="86"/>
						<line branch="true" condition-coverage="50% (1/2)" hits="1" missing-branches="94" number="89"/>
						<line hits="1" number="90"/>
						<line hits="1" number="91"/>
						<line hits="0" number="94"/>
						<line hits="0" number="95"/>
						<line hits="0" number="101"/>
						<line hits="0" number="102"/>
						<line hits="0" number="103"/>
						<line hits="0" number="104"/>
						<line hits="0" number="106"/>
						<line hits="0" number="107"/>
						<line branch="true" condition-coverage="0% (0/2)" hits="0" missing-branches="109,110" number="108"/>
						<line hits="0" number="109"/>
						<line hits="0" number="110"/>
						<line hits="0" number="112"/>
						<line branch="true" condition-coverage="0% (0/2)" hits="0" missing-branches="116,121" number="115"/>
						<line branch="true" condition-coverage="0% (0/2)" hits="0" missing-branches="115,117" number="116"/>
						<line hits="0" number="117"/>
						<line hits="0" number="118"/>
						<line hits="0" number="119"/>
						<line branch="true" condition-coverage="0% (0/2)" hits="0" missing-branches="122,128" number="121"/>
						<line hits="0" number="122"/>
						<line branch="true" condition-coverage="0% (0/2)" hits="0" missing-branches="124,151" number="123"/>
						<line hits="0" number="124"/>
						<line hits="0" number="125"/>
						<line hits="0" number="126"/>
						<line branch="true" condition-coverage="0% (0/2)" hits="0" missing-branches="129,141" number="128"/>
						<line hits="0" number="129"/>
						<line hits="0" number="130"/>
						<line branch="true" condition-coverage="0% (0/2)" hits="0" missing-branches="133,135" number="132"/>
						<line hits="0" number="133"/>
						<line hits="0" number="135"/>
						<line hits="0" number="136"/>
						<line hits="0" number="137"/>
						<line branch="true" condition-coverage="0% (0/2)" hits="0" missing-branches="142,151" number="141"/>
						<line hits="0" number="142"/>
						<line branch="true" condition-coverage="0% (0/2)" hits="0" missing-branches="exit,144" number="143"/>
						<line hits="0" number="144"/>
						<line hits="0" number="145"/>
						<line hits="0" number="147"/>
						<line branch="true" condition-coverage="0% (0/2)" hits="0" missing-branches="149,151" number="148"/>
						<line hits="0" number="149"/>
						<line branch="true" condition-coverage="0% (0/2)" hits="0" missing-branches="152,153" number="151"/>
						<line hits="0" number="152"/>
						<line branch="true" condition-coverage="0% (0/2)" hits="0" missing-branches="74,154" number="153"/>
						<line hits="0" number="154"/>
						<line hits="0" number="155"/>
						<line hits="1" number="159"/>
						<line hits="1" number="160"/>
						<line hits="1" number="161"/>
						<line hits="1" number="162"/>
						<line hits="1" number="163"/>
						<line hits="1" number="164"/>
						<line hits="1" number="165"/>
						<line hits="1" number="169"/>
						<line branch="true" condition-coverage="50% (1/2)" hits="1" missing-branches="173" number="170"/>
						<line hits="1" number="171"/>
						<line hits="0" number="173"/>
						<line branch="true" condition-coverage="50% (1/2)" hits="1" missing-branches="178" number="175"/>
						<line hits="1" number="176"/>
						<line hits="0" number="178"/>
						<line hits="1" number="180"/>
						<line hits="1" number="183"/>
					</lines>
				</class>
				<class branch-rate="0.5" complexity="0" filename="graphite/urls.py" line-rate="1" name="urls.py">
					<methods/>
					<lines>
						<line hits="1" number="14"/>
						<line hits="1" number="15"/>
						<line hits="1" number="16"/>
						<line hits="1" number="17"/>
						<line hits="1" number="18"/>
						<line hits="1" number="20"/>
						<line hits="1" number="36"/>
						<line branch="true" condition-coverage="50% (1/2)" hits="1" missing-branches="40" number="37"/>
						<line hits="1" number="38"/>
						<line hits="1" number="40"/>
						<line hits="1" number="44"/>
					</lines>
				</class>
				<class branch-rate="0.7241" complexity="0" filename="graphite/util.py" line-rate="0.8187" name="util.py">
					<methods/>
					<lines>
						<line hits="1" number="15"/>
						<line hits="1" number="16"/>
						<line hits="1" number="17"/>
						<line hits="1" number="18"/>
						<line hits="1" number="19"/>
						<line hits="1" number="20"/>
						<line hits="1" number="21"/>
						<line hits="1" number="22"/>
						<line hits="1" number="23"/>
						<line hits="1" number="24"/>
						<line hits="1" number="25"/>
						<line hits="1" number="26"/>
						<line hits="1" number="27"/>
						<line hits="0" number="28"/>
						<line hits="0" number="29"/>
						<line hits="0" number="30"/>
						<line hits="1" number="32"/>
						<line hits="1" number="33"/>
						<line hits="0" number="34"/>
						<line hits="0" number="35"/>
						<line hits="1" number="37"/>
						<line hits="1" number="38"/>
						<line hits="1" number="39"/>
						<line hits="1" number="40"/>
						<line hits="1" number="45"/>
						<line hits="1" number="46"/>
						<line hits="0" number="47"/>
						<line hits="0" number="48"/>
						<line branch="true" condition-coverage="50% (1/2)" hits="1" missing-branches="51" number="50"/>
						<line hits="0" number="51"/>
						<line hits="0" number="52"/>
						<line branch="true" condition-coverage="0% (0/2)" hits="0" missing-branches="exit,54" number="53"/>
						<line branch="true" condition-coverage="0% (0/2)" hits="0" missing-branches="exit,56" number="54"/>
						<line hits="1" number="56"/>
						<line hits="1" number="60"/>
						<line hits="1" number="62"/>
						<line branch="true" condition-coverage="100% (2/2)" hits="1" number="63"/>
						<line hits="1" number="64"/>
						<line branch="true" condition-coverage="50% (1/2)" hits="1" missing-branches="exit" number="65"/>
						<line hits="1" number="66"/>
						<line hits="1" number="69"/>
						<line hits="1" number="70"/>
						<line hits="1" number="71"/>
						<line hits="1" number="72"/>
						<line hits="1" number="73"/>
						<line hits="1" number="75"/>
						<line hits="1" number="76"/>
						<line branch="true" condition-coverage="100% (2/2)" hits="1" number="77"/>
						<line hits="1" number="78"/>
						<line branch="true" condition-coverage="100% (2/2)" hits="1" number="79"/>
						<line hits="1" number="80"/>
						<line hits="1" number="81"/>
						<line branch="true" condition-coverage="100% (2/2)" hits="1" number="82"/>
						<line hits="1" number="83"/>
						<line hits="1" number="84"/>
						<line hits="1" number="85"/>
						<line hits="1" number="86"/>
						<line hits="1" number="87"/>
						<line hits="1" number="88"/>
						<line hits="1" number="90"/>
						<line branch="true" condition-coverage="100% (2/2)" hits="1" number="91"/>
						<line hits="1" number="92"/>
						<line hits="1" number="94"/>
						<line hits="1" number="95"/>
						<line hits="1" number="96"/>
						<line hits="1" number="97"/>
						<line hits="1" number="98"/>
						<line hits="1" number="99"/>
						<line hits="1" number="100"/>
						<line branch="true" condition-coverage="100% (2/2)" hits="1" number="102"/>
						<line hits="1" number="103"/>
						<line hits="1" number="105"/>
						<line hits="1" number="108"/>
						<line hits="1" number="109"/>
						<line hits="1" number="111"/>
						<line branch="true" condition-coverage="100% (2/2)" hits="1" number="112"/>
						<line hits="1" number="113"/>
						<line branch="true" condition-coverage="100% (2/2)" hits="1" number="114"/>
						<line branch="true" condition-coverage="100% (2/2)" hits="1" number="115"/>
						<line hits="1" number="116"/>
						<line hits="1" number="117"/>
						<line hits="1" number="119"/>
						<line hits="1" number="120"/>
						<line branch="true" condition-coverage="100% (2/2)" hits="1" number="121"/>
						<line branch="true" condition-coverage="100% (2/2)" hits="1" number="122"/>
						<line hits="1" number="123"/>
						<line hits="1" number="126"/>
						<line hits="1" number="130"/>
						<line branch="true" condition-coverage="100% (2/2)" hits="1" number="133"/>
						<line hits="1" number="134"/>
						<line hits="1" number="135"/>
						<line branch="true" condition-coverage="100% (2/2)" hits="1" number="136"/>
						<line hits="1" number="137"/>
						<line hits="1" number="138"/>
						<line hits="1" number="141"/>
						<line hits="1" number="142"/>
						<line hits="1" number="143"/>
						<line hits="0" number="144"/>
						<line hits="0" number="145"/>
						<line branch="true" condition-coverage="0% (0/2)" hits="0" missing-branches="147,149" number="146"/>
						<line hits="0" number="147"/>
						<line hits="0" number="149"/>
						<line hits="1" number="151"/>
						<line hits="1" number="153"/>
						<line hits="1" number="155"/>
						<line hits="1" number="157"/>
						<line branch="true" condition-coverage="50% (1/2)" hits="1" missing-branches="191" number="164"/>
						<line hits="1" number="165"/>
						<line hits="1" number="166"/>
						<line hits="1" number="174"/>
						<line branch="true" condition-coverage="50% (1/2)" hits="1" missing-branches="177" number="176"/>
						<line hits="0" number="177"/>
						<line hits="1" number="178"/>
						<line hits="1" number="179"/>
						<line branch="true" condition-coverage="50% (1/2)" hits="1" missing-branches="181" number="180"/>
						<line hits="0" number="181"/>
						<line hits="1" number="182"/>
						<line hits="1" number="184"/>
						<line hits="1" number="186"/>
						<line hits="1" number="187"/>
						<line hits="1" number="188"/>
						<line hits="0" number="191"/>
						<line hits="0" number="192"/>
						<line hits="0" number="200"/>
						<line branch="true" condition-coverage="0% (0/2)" hits="0" missing-branches="202,203" number="201"/>
						<line hits="0" number="202"/>
						<line hits="0" number="203"/>
						<line hits="0" number="204"/>
						<line branch="true" condition-coverage="0% (0/2)" hits="0" missing-branches="206,207" number="205"/>
						<line hits="0" number="206"/>
						<line hits="0" number="207"/>
						<line hits="0" number="209"/>
						<line hits="0" number="211"/>
						<line hits="1" number="213"/>
						<line hits="1" number="216"/>
						<line branch="true" condition-coverage="100% (2/2)" hits="1" number="217"/>
						<line hits="1" number="218"/>
						<line branch="true" condition-coverage="100% (2/2)" hits="1" number="219"/>
						<line hits="1" number="220"/>
						<line branch="true" condition-coverage="100% (2/2)" hits="1" number="221"/>
						<line hits="1" number="222"/>
						<line hits="1" number="223"/>
						<line hits="1" number="224"/>
						<line hits="1" number="225"/>
						<line hits="1" number="226"/>
						<line hits="1" number="227"/>
						<line hits="1" number="228"/>
						<line hits="1" number="230"/>
						<line hits="1" number="231"/>
						<line hits="1" number="233"/>
						<line hits="1" number="234"/>
						<line hits="1" number="235"/>
						<line hits="1" number="236"/>
						<line hits="1" number="237"/>
						<line hits="1" number="240"/>
						<line hits="1" number="241"/>
						<line hits="1" number="242"/>
						<line hits="1" number="243"/>
						<line hits="1" number="244"/>
						<line branch="true" condition-coverage="100% (2/2)" hits="1" number="245"/>
						<line hits="1" number="246"/>
						<line branch="true" condition-coverage="100% (2/2)" hits="1" number="247"/>
						<line branch="true" condition-coverage="50% (1/2)" hits="1" missing-branches="251" number="248"/>
						<line hits="1" number="249"/>
						<line hits="0" number="251"/>
						<line hits="1" number="252"/>
						<line hits="1" number="253"/>
						<line hits="1" number="254"/>
						<line hits="1" number="255"/>
						<line hits="1" number="256"/>
						<line hits="1" number="257"/>
					</lines>
				</class>
				<class branch-rate="1" complexity="0" filename="graphite/views.py" line-rate="1" name="views.py">
					<methods/>
					<lines>
						<line hits="1" number="1"/>
						<line hits="1" number="2"/>
						<line hits="1" number="3"/>
						<line hits="1" number="6"/>
						<line hits="1" number="7"/>
						<line hits="1" number="8"/>
						<line hits="1" number="11"/>
					</lines>
				</class>
				<class branch-rate="0.08333" complexity="0" filename="graphite/wsgi.py" line-rate="0.4483" name="wsgi.py">
					<methods/>
					<lines>
						<line hits="1" number="1"/>
						<line hits="1" number="2"/>
						<line hits="1" number="4"/>
						<line hits="1" number="5"/>
						<line hits="0" number="6"/>
						<line hits="0" number="7"/>
						<line hits="1" number="9"/>
						<line hits="1" number="11"/>
						<line hits="1" number="12"/>
						<line hits="1" number="14"/>
						<line hits="1" number="16"/>
						<line hits="1" number="17"/>
						<line hits="1" number="18"/>
						<line hits="1" number="19"/>
						<line branch="true" condition-coverage="0% (0/2)" hits="0" missing-branches="23,28" number="22"/>
						<line hits="0" number="23"/>
						<line branch="true" condition-coverage="0% (0/2)" hits="0" missing-branches="26,28" number="25"/>
						<line hits="0" number="26"/>
						<line branch="true" condition-coverage="50% (1/2)" hits="1" missing-branches="29" number="28"/>
						<line hits="0" number="29"/>
						<line hits="0" number="30"/>
						<line hits="0" number="31"/>
						<line branch="true" condition-coverage="0% (0/2)" hits="0" missing-branches="33,34" number="32"/>
						<line hits="0" number="33"/>
						<line branch="true" condition-coverage="0% (0/2)" hits="0" missing-branches="exit,35" number="34"/>
						<line hits="0" number="35"/>
						<line hits="0" number="36"/>
						<line branch="true" condition-coverage="0% (0/2)" hits="0" missing-branches="34,38" number="37"/>
						<line hits="0" number="38"/>
					</lines>
				</class>
			</classes>
		</package>
		<package branch-rate="0.1429" complexity="0" line-rate="0.6301" name="graphite.account">
			<classes>
				<class branch-rate="1" complexity="0" filename="graphite/account/__init__.py" line-rate="1" name="__init__.py">
					<methods/>
					<lines/>
				</class>
				<class branch-rate="1" complexity="0" filename="graphite/account/admin.py" line-rate="1" name="admin.py">
					<methods/>
					<lines>
						<line hits="1" number="1"/>
						<line hits="1" number="2"/>
						<line hits="1" number="4"/>
						<line hits="1" number="5"/>
						<line hits="1" number="6"/>
						<line hits="1" number="9"/>
						<line hits="1" number="10"/>
					</lines>
				</class>
				<class branch-rate="1" complexity="0" filename="graphite/account/models.py" line-rate="1" name="models.py">
					<methods/>
					<lines>
						<line hits="1" number="15"/>
						<line hits="1" number="16"/>
						<line hits="1" number="19"/>
						<line hits="1" number="20"/>
						<line hits="1" number="21"/>
						<line hits="1" number="22"/>
						<line branch="true" condition-coverage="100% (2/2)" hits="1" number="23"/>
						<line hits="1" number="25"/>
						<line hits="1" number="26"/>
						<line hits="1" number="27"/>
						<line hits="1" number="28"/>
						<line hits="1" number="30"/>
						<line hits="1" number="31"/>
						<line hits="1" number="32"/>
						<line hits="1" number="34"/>
						<line hits="1" number="35"/>
						<line hits="1" number="36"/>
						<line hits="1" number="37"/>
						<line hits="1" number="38"/>
						<line hits="1" number="39"/>
						<line hits="1" number="40"/>
						<line hits="1" number="41"/>
						<line hits="1" number="42"/>
						<line hits="1" number="44"/>
						<line hits="1" number="45"/>
						<line hits="1" number="46"/>
						<line hits="1" number="47"/>
					</lines>
				</class>
				<class branch-rate="1" complexity="0" filename="graphite/account/urls.py" line-rate="1" name="urls.py">
					<methods/>
					<lines>
						<line hits="1" number="15"/>
						<line hits="1" number="16"/>
						<line hits="1" number="18"/>
					</lines>
				</class>
				<class branch-rate="0" complexity="0" filename="graphite/account/views.py" line-rate="0.25" name="views.py">
					<methods/>
					<lines>
						<line hits="1" number="15"/>
						<line hits="1" number="16"/>
						<line hits="1" number="17"/>
						<line hits="1" number="18"/>
						<line hits="1" number="19"/>
						<line hits="1" number="22"/>
						<line hits="0" number="23"/>
						<line hits="0" number="24"/>
						<line branch="true" condition-coverage="0% (0/2)" hits="0" missing-branches="26,28" number="25"/>
						<line hits="0" number="26"/>
						<line hits="0" number="28"/>
						<line branch="true" condition-coverage="0% (0/2)" hits="0" missing-branches="30,39" number="29"/>
						<line hits="0" number="30"/>
						<line branch="true" condition-coverage="0% (0/2)" hits="0" missing-branches="32,33" number="31"/>
						<line hits="0" number="32"/>
						<line branch="true" condition-coverage="0% (0/2)" hits="0" missing-branches="34,36" number="33"/>
						<line hits="0" number="34"/>
						<line hits="0" number="36"/>
						<line hits="0" number="37"/>
						<line hits="0" number="39"/>
						<line hits="1" number="41"/>
						<line hits="0" number="42"/>
						<line hits="0" number="43"/>
						<line hits="0" number="44"/>
						<line hits="1" number="46"/>
						<line branch="true" condition-coverage="0% (0/2)" hits="0" missing-branches="48,49" number="47"/>
						<line hits="0" number="48"/>
						<line hits="0" number="49"/>
						<line hits="0" number="50"/>
						<line hits="1" number="52"/>
						<line hits="0" number="53"/>
						<line branch="true" condition-coverage="0% (0/2)" hits="0" missing-branches="55,57" number="54"/>
						<line hits="0" number="55"/>
						<line hits="0" number="56"/>
						<line hits="0" number="57"/>
						<line hits="0" number="58"/>
					</lines>
				</class>
			</classes>
		</package>
		<package branch-rate="0.3636" complexity="0" line-rate="0.5581" name="graphite.browser">
			<classes>
				<class branch-rate="1" complexity="0" filename="graphite/browser/__init__.py" line-rate="1" name="__init__.py">
					<methods/>
					<lines/>
				</class>
				<class branch-rate="1" complexity="0" filename="graphite/browser/urls.py" line-rate="1" name="urls.py">
					<methods/>
					<lines>
						<line hits="1" number="15"/>
						<line hits="1" number="16"/>
						<line hits="1" number="18"/>
					</lines>
				</class>
				<class branch-rate="0.3636" complexity="0" filename="graphite/browser/views.py" line-rate="0.5503" name="views.py">
					<methods/>
					<lines>
						<line hits="1" number="15"/>
						<line hits="1" number="17"/>
						<line hits="1" number="18"/>
						<line hits="1" number="19"/>
						<line hits="1" number="20"/>
						<line hits="1" number="21"/>
						<line hits="1" number="22"/>
						<line hits="1" number="23"/>
						<line hits="1" number="24"/>
						<line hits="1" number="25"/>
						<line hits="1" number="26"/>
						<line hits="1" number="27"/>
						<line hits="1" number="30"/>
						<line hits="1" number="32"/>
						<line hits="1" number="33"/>
						<line hits="1" number="34"/>
						<line hits="1" number="35"/>
						<line hits="1" number="36"/>
						<line hits="1" number="37"/>
						<line hits="1" number="40"/>
						<line hits="1" number="42"/>
						<line branch="true" condition-coverage="50% (1/2)" hits="1" missing-branches="47" number="46"/>
						<line hits="0" number="47"/>
						<line branch="true" condition-coverage="50% (1/2)" hits="1" missing-branches="49" number="48"/>
						<line hits="0" number="49"/>
						<line hits="1" number="50"/>
						<line hits="1" number="53"/>
						<line hits="1" number="54"/>
						<line branch="true" condition-coverage="100% (2/2)" hits="1" number="55"/>
						<line hits="1" number="56"/>
						<line hits="1" number="58"/>
						<line hits="1" number="59"/>
						<line hits="1" number="61"/>
						<line branch="true" condition-coverage="100% (2/2)" hits="1" number="62"/>
						<line branch="true" condition-coverage="100% (2/2)" hits="1" number="63"/>
						<line hits="1" number="64"/>
						<line hits="1" number="65"/>
						<line hits="1" number="67"/>
						<line hits="1" number="69"/>
						<line branch="true" condition-coverage="100% (2/2)" hits="1" number="70"/>
						<line branch="true" condition-coverage="100% (2/2)" hits="1" number="71"/>
						<line hits="1" number="72"/>
						<line branch="true" condition-coverage="50% (1/2)" hits="1" missing-branches="74" number="73"/>
						<line hits="0" number="74"/>
						<line hits="1" number="76"/>
						<line hits="1" number="77"/>
						<line hits="1" number="78"/>
						<line hits="1" number="81"/>
						<line hits="1" number="83"/>
						<line hits="1" number="84"/>
						<line hits="1" number="86"/>
						<line hits="1" number="87"/>
						<line hits="1" number="92"/>
						<line hits="1" number="98"/>
						<line hits="1" number="99"/>
						<line branch="true" condition-coverage="50% (1/2)" hits="1" missing-branches="102" number="101"/>
						<line branch="true" condition-coverage="0% (0/2)" hits="0" missing-branches="103,106" number="102"/>
						<line hits="0" number="103"/>
						<line hits="0" number="106"/>
						<line hits="1" number="109"/>
						<line hits="1" number="111"/>
						<line hits="1" number="113"/>
						<line hits="1" number="114"/>
						<line hits="1" number="115"/>
						<line branch="true" condition-coverage="100% (2/2)" hits="1" number="117"/>
						<line hits="1" number="118"/>
						<line hits="1" number="119"/>
						<line branch="true" condition-coverage="50% (1/2)" hits="1" missing-branches="122" number="121"/>
						<line hits="0" number="122"/>
						<line hits="0" number="123"/>
						<line branch="true" condition-coverage="0% (0/2)" hits="0" missing-branches="117,125" number="124"/>
						<line hits="0" number="125"/>
						<line hits="1" number="128"/>
						<line branch="true" condition-coverage="50% (1/2)" hits="1" missing-branches="117" number="129"/>
						<line hits="1" number="130"/>
						<line hits="1" number="132"/>
						<line branch="true" condition-coverage="50% (1/2)" hits="1" missing-branches="135" number="134"/>
						<line hits="0" number="135"/>
						<line hits="0" number="136"/>
						<line hits="1" number="139"/>
						<line hits="1" number="140"/>
						<line hits="1" number="143"/>
						<line hits="1" number="144"/>
						<line hits="1" number="145"/>
						<line hits="1" number="146"/>
						<line branch="true" condition-coverage="50% (1/2)" hits="1" missing-branches="148" number="147"/>
						<line branch="true" condition-coverage="0% (0/2)" hits="0" missing-branches="149,151" number="148"/>
						<line hits="0" number="149"/>
						<line hits="0" number="151"/>
						<line hits="1" number="152"/>
						<line hits="1" number="153"/>
						<line hits="1" number="154"/>
						<line hits="1" number="156"/>
						<line hits="0" number="158"/>
						<line hits="0" number="159"/>
						<line branch="true" condition-coverage="100% (2/2)" hits="1" number="161"/>
						<line hits="1" number="162"/>
						<line hits="1" number="163"/>
						<line hits="1" number="164"/>
						<line hits="1" number="166"/>
						<line hits="1" number="168"/>
						<line hits="0" number="170"/>
						<line hits="0" number="171"/>
						<line branch="true" condition-coverage="0% (0/2)" hits="0" missing-branches="174,176" number="173"/>
						<line hits="0" number="174"/>
						<line hits="0" number="175"/>
						<line branch="true" condition-coverage="0% (0/2)" hits="0" missing-branches="177,179" number="176"/>
						<line hits="0" number="177"/>
						<line hits="0" number="179"/>
						<line hits="0" number="181"/>
						<line hits="0" number="183"/>
						<line hits="0" number="188"/>
						<line hits="0" number="194"/>
						<line branch="true" condition-coverage="0% (0/2)" hits="0" missing-branches="197,210" number="196"/>
						<line hits="0" number="197"/>
						<line branch="true" condition-coverage="0% (0/2)" hits="0" missing-branches="200,263" number="199"/>
						<line branch="true" condition-coverage="0% (0/2)" hits="0" missing-branches="199,201" number="200"/>
						<line hits="0" number="201"/>
						<line hits="0" number="206"/>
						<line hits="0" number="207"/>
						<line hits="0" number="210"/>
						<line hits="0" number="211"/>
						<line branch="true" condition-coverage="0% (0/2)" hits="0" missing-branches="214,216" number="213"/>
						<line hits="0" number="214"/>
						<line hits="0" number="216"/>
						<line hits="0" number="218"/>
						<line hits="0" number="219"/>
						<line branch="true" condition-coverage="0% (0/2)" hits="0" missing-branches="222,263" number="221"/>
						<line hits="0" number="222"/>
						<line hits="0" number="223"/>
						<line branch="true" condition-coverage="0% (0/2)" hits="0" missing-branches="226,227" number="225"/>
						<line hits="0" number="226"/>
						<line hits="0" number="227"/>
						<line branch="true" condition-coverage="0% (0/2)" hits="0" missing-branches="230,236" number="229"/>
						<line hits="0" number="230"/>
						<line hits="0" number="234"/>
						<line hits="0" number="236"/>
						<line hits="0" number="237"/>
						<line hits="0" number="240"/>
						<line hits="0" number="241"/>
						<line hits="0" number="242"/>
						<line hits="0" number="243"/>
						<line branch="true" condition-coverage="0% (0/2)" hits="0" missing-branches="245,249" number="244"/>
						<line branch="true" condition-coverage="0% (0/2)" hits="0" missing-branches="246,248" number="245"/>
						<line hits="0" number="246"/>
						<line hits="0" number="248"/>
						<line hits="0" number="249"/>
						<line hits="0" number="251"/>
						<line hits="0" number="256"/>
						<line hits="0" number="258"/>
						<line hits="0" number="260"/>
						<line hits="0" number="261"/>
						<line branch="true" condition-coverage="0% (0/2)" hits="0" missing-branches="264,268" number="263"/>
						<line hits="0" number="264"/>
						<line hits="0" number="265"/>
						<line hits="0" number="266"/>
						<line branch="true" condition-coverage="0% (0/2)" hits="0" missing-branches="exit,270" number="268"/>
						<line hits="0" number="270"/>
						<line hits="1" number="273"/>
						<line branch="true" condition-coverage="50% (1/2)" hits="1" missing-branches="277" number="274"/>
						<line hits="1" number="275"/>
						<line hits="0" number="277"/>
						<line hits="1" number="279"/>
						<line branch="true" condition-coverage="50% (1/2)" hits="1" missing-branches="281" number="280"/>
						<line hits="0" number="281"/>
						<line hits="1" number="284"/>
						<line hits="1" number="285"/>
						<line hits="1" number="286"/>
						<line hits="1" number="287"/>
					</lines>
				</class>
			</classes>
		</package>
		<package branch-rate="0" complexity="0" line-rate="0.2738" name="graphite.composer">
			<classes>
				<class branch-rate="1" complexity="0" filename="graphite/composer/__init__.py" line-rate="1" name="__init__.py">
					<methods/>
					<lines/>
				</class>
				<class branch-rate="1" complexity="0" filename="graphite/composer/urls.py" line-rate="1" name="urls.py">
					<methods/>
					<lines>
						<line hits="1" number="15"/>
						<line hits="1" number="16"/>
						<line hits="1" number="18"/>
					</lines>
				</class>
				<class branch-rate="0" complexity="0" filename="graphite/composer/views.py" line-rate="0.2469" name="views.py">
					<methods/>
					<lines>
						<line hits="1" number="15"/>
						<line hits="1" number="16"/>
						<line hits="1" number="17"/>
						<line hits="1" number="18"/>
						<line hits="1" number="19"/>
						<line hits="1" number="20"/>
						<line hits="1" number="21"/>
						<line hits="1" number="22"/>
						<line hits="1" number="23"/>
						<line hits="1" number="24"/>
						<line hits="1" number="25"/>
						<line hits="1" number="26"/>
						<line hits="1" number="27"/>
						<line hits="1" number="29"/>
						<line hits="1" number="30"/>
						<line hits="1" number="31"/>
						<line hits="1" number="32"/>
						<line hits="1" number="34"/>
						<line hits="0" number="35"/>
						<line hits="0" number="36"/>
						<line hits="0" number="47"/>
						<line hits="1" number="50"/>
						<line hits="0" number="51"/>
						<line branch="true" condition-coverage="0% (0/2)" hits="0" missing-branches="54,56" number="53"/>
						<line hits="0" number="54"/>
						<line hits="0" number="56"/>
						<line hits="0" number="57"/>
						<line branch="true" condition-coverage="0% (0/2)" hits="0" missing-branches="60,62" number="59"/>
						<line hits="0" number="60"/>
						<line branch="true" condition-coverage="0% (0/2)" hits="0" missing-branches="63,81" number="62"/>
						<line hits="0" number="63"/>
						<line hits="0" number="65"/>
						<line hits="0" number="66"/>
						<line hits="0" number="67"/>
						<line hits="0" number="68"/>
						<line hits="0" number="70"/>
						<line hits="0" number="71"/>
						<line hits="0" number="72"/>
						<line hits="0" number="73"/>
						<line hits="0" number="75"/>
						<line hits="0" number="76"/>
						<line hits="0" number="77"/>
						<line hits="0" number="79"/>
						<line branch="true" condition-coverage="0% (0/2)" hits="0" missing-branches="82,92" number="81"/>
						<line hits="0" number="82"/>
						<line hits="0" number="83"/>
						<line hits="0" number="84"/>
						<line hits="0" number="86"/>
						<line hits="0" number="87"/>
						<line hits="0" number="89"/>
						<line hits="0" number="92"/>
						<line hits="1" number="95"/>
						<line hits="0" number="96"/>
						<line hits="0" number="97"/>
						<line hits="0" number="98"/>
						<line hits="0" number="99"/>
						<line hits="0" number="100"/>
						<line hits="0" number="101"/>
						<line hits="0" number="102"/>
						<line hits="0" number="103"/>
						<line hits="0" number="104"/>
						<line hits="0" number="105"/>
						<line hits="0" number="106"/>
						<line hits="0" number="107"/>
						<line hits="0" number="108"/>
						<line hits="0" number="109"/>
						<line hits="0" number="110"/>
						<line hits="0" number="111"/>
						<line hits="0" number="112"/>
						<line hits="0" number="113"/>
						<line hits="0" number="114"/>
						<line hits="0" number="115"/>
						<line hits="0" number="116"/>
						<line hits="0" number="117"/>
						<line hits="0" number="118"/>
						<line hits="0" number="119"/>
						<line hits="0" number="120"/>
						<line hits="0" number="121"/>
						<line hits="0" number="122"/>
						<line hits="0" number="123"/>
						<line hits="0" number="124"/>
					</lines>
				</class>
			</classes>
		</package>
		<package branch-rate="0.939" complexity="0" line-rate="1" name="graphite.dashboard">
			<classes>
				<class branch-rate="1" complexity="0" filename="graphite/dashboard/__init__.py" line-rate="1" name="__init__.py">
					<methods/>
					<lines/>
				</class>
				<class branch-rate="1" complexity="0" filename="graphite/dashboard/admin.py" line-rate="1" name="admin.py">
					<methods/>
					<lines>
						<line hits="1" number="1"/>
						<line hits="1" number="2"/>
						<line hits="1" number="4"/>
					</lines>
				</class>
				<class branch-rate="0.625" complexity="0" filename="graphite/dashboard/models.py" line-rate="1" name="models.py">
					<methods/>
					<lines>
						<line hits="1" number="1"/>
						<line hits="1" number="2"/>
						<line hits="1" number="3"/>
						<line hits="1" number="5"/>
						<line hits="1" number="6"/>
						<line hits="1" number="7"/>
						<line hits="1" number="8"/>
						<line branch="true" condition-coverage="50% (1/2)" hits="1" missing-branches="exit" number="9"/>
						<line hits="1" number="11"/>
						<line hits="1" number="13"/>
						<line hits="1" number="14"/>
						<line hits="1" number="15"/>
						<line hits="1" number="16"/>
						<line branch="true" condition-coverage="50% (1/2)" hits="1" missing-branches="exit" number="17"/>
						<line hits="1" number="19"/>
						<line hits="1" number="20"/>
						<line hits="1" number="22"/>
						<line hits="1" number="24"/>
						<line branch="true" condition-coverage="50% (1/2)" hits="1" missing-branches="27" number="25"/>
						<line hits="1" number="26"/>
						<line hits="1" number="27"/>
						<line hits="1" number="29"/>
						<line hits="1" number="30"/>
						<line hits="1" number="31"/>
						<line hits="1" number="32"/>
						<line hits="1" number="37"/>
						<line branch="true" condition-coverage="100% (2/2)" hits="1" number="38"/>
						<line hits="1" number="39"/>
						<line hits="1" number="40"/>
					</lines>
				</class>
				<class branch-rate="1" complexity="0" filename="graphite/dashboard/send_graph.py" line-rate="1" name="send_graph.py">
					<methods/>
					<lines>
						<line hits="1" number="1"/>
						<line hits="1" number="4"/>
						<line hits="1" number="12"/>
						<line hits="1" number="13"/>
						<line hits="1" number="18"/>
					</lines>
				</class>
				<class branch-rate="1" complexity="0" filename="graphite/dashboard/urls.py" line-rate="1" name="urls.py">
					<methods/>
					<lines>
						<line hits="1" number="1"/>
						<line hits="1" number="2"/>
						<line hits="1" number="4"/>
					</lines>
				</class>
				<class branch-rate="0.973" complexity="0" filename="graphite/dashboard/views.py" line-rate="1" name="views.py">
					<methods/>
					<lines>
						<line hits="1" number="1"/>
						<line hits="1" number="2"/>
						<line hits="1" number="3"/>
						<line hits="1" number="5"/>
						<line hits="1" number="6"/>
						<line hits="1" number="7"/>
						<line hits="1" number="8"/>
						<line hits="1" number="9"/>
						<line hits="1" number="10"/>
						<line hits="1" number="11"/>
						<line hits="1" number="12"/>
						<line hits="1" number="13"/>
						<line hits="1" number="14"/>
						<line hits="1" number="15"/>
						<line hits="1" number="16"/>
						<line hits="1" number="17"/>
						<line hits="1" number="20"/>
						<line hits="1" number="21"/>
						<line hits="1" number="26"/>
						<line hits="1" number="34"/>
						<line hits="1" number="44"/>
						<line hits="1" number="46"/>
						<line hits="1" number="47"/>
						<line hits="1" number="48"/>
						<line hits="1" number="49"/>
						<line hits="1" number="50"/>
						<line hits="1" number="52"/>
						<line branch="true" condition-coverage="100% (2/2)" hits="1" number="53"/>
						<line hits="1" number="54"/>
						<line hits="1" number="56"/>
						<line hits="1" number="57"/>
						<line hits="1" number="58"/>
						<line hits="1" number="59"/>
						<line branch="true" condition-coverage="100% (2/2)" hits="1" number="61"/>
[...]
						<line branch="true" condition-coverage="0% (0/2)" hits="0" missing-branches="162,175" number="161"/>
						<line hits="0" number="162"/>
						<line branch="true" condition-coverage="0% (0/2)" hits="0" missing-branches="164,167" number="163"/>
						<line branch="true" condition-coverage="0% (0/2)" hits="0" missing-branches="163,165" number="164"/>
						<line hits="0" number="165"/>
						<line hits="0" number="166"/>
						<line branch="true" condition-coverage="0% (0/2)" hits="0" missing-branches="161,168" number="167"/>
						<line hits="0" number="168"/>
						<line branch="true" condition-coverage="100% (2/2)" hits="1" number="170"/>
						<line hits="1" number="171"/>
						<line hits="1" number="172"/>
						<line hits="1" number="173"/>
						<line branch="true" condition-coverage="50% (1/2)" hits="1" missing-branches="176" number="175"/>
						<line hits="0" number="176"/>
						<line hits="1" number="180"/>
						<line branch="true" condition-coverage="50% (1/2)" hits="1" missing-branches="187" number="183"/>
						<line hits="1" number="184"/>
						<line hits="1" number="185"/>
						<line hits="0" number="187"/>
						<line hits="1" number="188"/>
						<line hits="1" number="189"/>
						<line branch="true" condition-coverage="100% (2/2)" hits="1" number="191"/>
						<line hits="1" number="192"/>
						<line hits="1" number="193"/>
						<line branch="true" condition-coverage="100% (2/2)" hits="1" number="194"/>
						<line hits="1" number="195"/>
						<line branch="true" condition-coverage="100% (2/2)" hits="1" number="196"/>
						<line hits="1" number="197"/>
						<line branch="true" condition-coverage="100% (2/2)" hits="1" number="198"/>
						<line branch="true" condition-coverage="100% (2/2)" hits="1" number="199"/>
						<line hits="1" number="200"/>
						<line branch="true" condition-coverage="100% (2/2)" hits="1" number="201"/>
						<line hits="1" number="202"/>
						<line branch="true" condition-coverage="100% (2/2)" hits="1" number="203"/>
						<line hits="1" number="204"/>
						<line branch="true" condition-coverage="100% (2/2)" hits="1" number="205"/>
						<line hits="1" number="206"/>
						<line hits="1" number="207"/>
						<line hits="1" number="208"/>
						<line hits="1" number="209"/>
						<line hits="1" number="210"/>
						<line hits="1" number="211"/>
						<line branch="true" condition-coverage="50% (1/2)" hits="1" missing-branches="217" number="213"/>
						<line hits="1" number="214"/>
						<line hits="1" number="215"/>
						<line hits="0" number="217"/>
						<line hits="1" number="218"/>
						<line hits="1" number="219"/>
						<line branch="true" condition-coverage="100% (2/2)" hits="1" number="221"/>
						<line hits="1" number="222"/>
						<line branch="true" condition-coverage="100% (2/2)" hits="1" number="223"/>
						<line hits="1" number="224"/>
						<line hits="1" number="225"/>
						<line hits="1" number="226"/>
						<line branch="true" condition-coverage="50% (1/2)" hits="1" missing-branches="228" number="227"/>
						<line hits="0" number="228"/>
						<line hits="1" number="232"/>
						<line branch="true" condition-coverage="50% (1/2)" hits="1" missing-branches="239" number="235"/>
						<line hits="1" number="236"/>
						<line hits="1" number="237"/>
						<line hits="0" number="239"/>
						<line hits="1" number="240"/>
						<line hits="1" number="241"/>
						<line branch="true" condition-coverage="100% (2/2)" hits="1" number="243"/>
						<line hits="1" number="244"/>
						<line branch="true" condition-coverage="100% (2/2)" hits="1" number="245"/>
						<line hits="1" number="246"/>
						<line hits="1" number="247"/>
						<line hits="1" number="248"/>
						<line hits="1" number="250"/>
						<line hits="1" number="251"/>
						<line branch="true" condition-coverage="50% (1/2)" hits="1" missing-branches="254" number="253"/>
						<line hits="0" number="254"/>
						<line branch="true" condition-coverage="50% (1/2)" hits="1" missing-branches="256" number="255"/>
						<line hits="0" number="256"/>
						<line branch="true" condition-coverage="50% (1/2)" hits="1" missing-branches="259" number="258"/>
						<line hits="0" number="259"/>
						<line hits="0" number="260"/>
						<line hits="0" number="261"/>
						<line hits="0" number="263"/>
						<line hits="0" number="264"/>
						<line hits="1" number="268"/>
						<line branch="true" condition-coverage="50% (1/2)" hits="1" missing-branches="270" number="269"/>
						<line hits="0" number="270"/>
						<line hits="1" number="272"/>
						<line hits="1" number="274"/>
						<line branch="true" condition-coverage="50% (1/2)" hits="1" missing-branches="276" number="275"/>
						<line hits="0" number="276"/>
						<line branch="true" condition-coverage="50% (1/2)" hits="1" missing-branches="280" number="279"/>
						<line hits="0" number="280"/>
						<line hits="1" number="282"/>
						<line branch="true" condition-coverage="50% (1/2)" hits="1" missing-branches="288" number="284"/>
						<line hits="1" number="285"/>
						<line hits="1" number="286"/>
						<line hits="0" number="288"/>
						<line hits="1" number="290"/>
						<line hits="1" number="291"/>
						<line hits="1" number="294"/>
						<line hits="1" number="295"/>
						<line hits="1" number="296"/>
						<line hits="1" number="299"/>
						<line hits="1" number="300"/>
						<line hits="1" number="302"/>
						<line hits="1" number="303"/>
						<line hits="1" number="304"/>
						<line hits="1" number="307"/>
						<line hits="1" number="308"/>
						<line hits="1" number="309"/>
						<line hits="1" number="310"/>
						<line hits="1" number="311"/>
						<line hits="1" number="314"/>
						<line branch="true" condition-coverage="50% (1/2)" hits="1" missing-branches="320" number="316"/>
						<line hits="1" number="317"/>
						<line branch="true" condition-coverage="0% (0/2)" hits="0" missing-branches="321,324" number="320"/>
						<line hits="0" number="321"/>
						<line branch="true" condition-coverage="100% (2/2)" hits="1" number="324"/>
						<line hits="1" number="325"/>
						<line hits="1" number="327"/>
						<line branch="true" condition-coverage="100% (2/2)" hits="1" number="328"/>
						<line branch="true" condition-coverage="100% (2/2)" hits="1" number="329"/>
						<line hits="1" number="330"/>
						<line hits="1" number="331"/>
						<line branch="true" condition-coverage="50% (1/2)" hits="1" missing-branches="334" number="333"/>
						<line hits="0" number="334"/>
						<line branch="true" condition-coverage="50% (1/2)" hits="1" missing-branches="336" number="335"/>
						<line hits="0" number="336"/>
						<line branch="true" condition-coverage="100% (2/2)" hits="1" number="337"/>
						<line hits="1" number="338"/>
						<line branch="true" condition-coverage="50% (1/2)" hits="1" missing-branches="340" number="339"/>
						<line hits="0" number="340"/>
						<line branch="true" condition-coverage="50% (1/2)" hits="1" missing-branches="342" number="341"/>
						<line hits="0" number="342"/>
						<line branch="true" condition-coverage="50% (1/2)" hits="1" missing-branches="344" number="343"/>
						<line hits="0" number="344"/>
						<line branch="true" condition-coverage="50% (1/2)" hits="1" missing-branches="346" number="345"/>
						<line hits="0" number="346"/>
						<line hits="1" number="348"/>
						<line branch="true" condition-coverage="100% (2/2)" hits="1" number="351"/>
						<line branch="true" condition-coverage="100% (2/2)" hits="1" number="352"/>
						<line hits="1" number="353"/>
						<line branch="true" condition-coverage="100% (2/2)" hits="1" number="354"/>
						<line hits="1" number="355"/>
						<line branch="true" condition-coverage="50% (1/2)" hits="1" missing-branches="357" number="356"/>
						<line hits="0" number="357"/>
						<line branch="true" condition-coverage="50% (1/2)" hits="1" missing-branches="359" number="358"/>
						<line hits="0" number="359"/>
						<line branch="true" condition-coverage="50% (1/2)" hits="1" missing-branches="361" number="360"/>
						<line hits="0" number="361"/>
						<line hits="1" number="362"/>
						<line hits="1" number="364"/>
						<line branch="true" condition-coverage="100% (2/2)" hits="1" number="365"/>
						<line hits="1" number="366"/>
						<line hits="1" number="367"/>
						<line hits="0" number="368"/>
						<line hits="0" number="369"/>
						<line hits="1" number="370"/>
						<line branch="true" condition-coverage="50% (1/2)" hits="1" missing-branches="395" number="373"/>
						<line branch="true" condition-coverage="100% (2/2)" hits="1" number="374"/>
						<line hits="1" number="375"/>
						<line hits="1" number="377"/>
						<line branch="true" condition-coverage="100% (2/2)" hits="1" number="378"/>
						<line hits="1" number="379"/>
						<line hits="1" number="381"/>
						<line hits="1" number="383"/>
						<line hits="1" number="384"/>
						<line hits="1" number="385"/>
						<line hits="1" number="387"/>
						<line hits="1" number="388"/>
						<line hits="1" number="389"/>
						<line hits="1" number="390"/>
						<line branch="true" condition-coverage="50% (1/2)" hits="1" missing-branches="392" number="391"/>
						<line hits="0" number="392"/>
						<line hits="0" number="393"/>
						<line branch="true" condition-coverage="50% (1/2)" hits="1" missing-branches="396" number="395"/>
						<line hits="0" number="396"/>
						<line hits="1" number="397"/>
						<line hits="1" number="399"/>
						<line hits="1" number="402"/>
						<line hits="1" number="404"/>
						<line hits="0" number="405"/>
						<line hits="0" number="406"/>
						<line hits="0" number="407"/>
						<line hits="0" number="408"/>
						<line hits="0" number="409"/>
						<line branch="true" condition-coverage="0% (0/2)" hits="0" missing-branches="exit,411" number="410"/>
						<line hits="0" number="411"/>
						<line hits="0" number="412"/>
						<line hits="0" number="414"/>
						<line hits="0" number="415"/>
						<line hits="0" number="416"/>
						<line hits="0" number="417"/>
						<line hits="0" number="418"/>
						<line hits="0" number="419"/>
						<line hits="0" number="420"/>
						<line hits="0" number="421"/>
						<line hits="0" number="422"/>
						<line hits="0" number="424"/>
						<line hits="0" number="425"/>
						<line hits="0" number="426"/>
						<line hits="0" number="427"/>
						<line hits="0" number="428"/>
						<line hits="0" number="429"/>
						<line hits="0" number="431"/>
						<line hits="0" number="432"/>
						<line hits="0" number="433"/>
						<line hits="0" number="434"/>
						<line hits="0" number="435"/>
						<line hits="0" number="436"/>
						<line hits="0" number="437"/>
						<line hits="0" number="438"/>
						<line hits="0" number="439"/>
						<line hits="0" number="441"/>
						<line hits="0" number="442"/>
						<line hits="0" number="443"/>
						<line hits="0" number="444"/>
						<line hits="0" number="445"/>
						<line hits="0" number="446"/>
						<line hits="0" number="447"/>
						<line hits="0" number="448"/>
						<line hits="1" number="451"/>
						<line hits="0" number="452"/>
						<line hits="0" number="453"/>
						<line hits="0" number="454"/>
						<line hits="0" number="455"/>
						<line hits="0" number="456"/>
						<line hits="0" number="457"/>
						<line hits="0" number="458"/>
						<line hits="0" number="459"/>
						<line hits="0" number="460"/>
						<line hits="0" number="461"/>
						<line hits="0" number="462"/>
						<line hits="0" number="463"/>
						<line hits="0" number="464"/>
						<line hits="0" number="465"/>
						<line hits="0" number="466"/>
						<line hits="0" number="467"/>
						<line hits="1" number="470"/>
						<line hits="0" number="471"/>
						<line branch="true" condition-coverage="0% (0/2)" hits="0" missing-branches="473,474" number="472"/>
						<line hits="0" number="473"/>
						<line hits="0" number="474"/>
						<line hits="0" number="475"/>
						<line hits="0" number="476"/>
						<line hits="0" number="477"/>
						<line hits="0" number="479"/>
						<line branch="true" condition-coverage="0% (0/2)" hits="0" missing-branches="481,502" number="480"/>
						<line hits="0" number="481"/>
						<line hits="0" number="482"/>
						<line branch="true" condition-coverage="0% (0/2)" hits="0" missing-branches="484,500" number="483"/>
						<line hits="0" number="484"/>
						<line branch="true" condition-coverage="0% (0/2)" hits="0" missing-branches="487,489" number="486"/>
						<line branch="true" condition-coverage="0% (0/2)" hits="0" missing-branches="486,488" number="487"/>
						<line hits="0" number="488"/>
						<line hits="0" number="489"/>
						<line hits="0" number="491"/>
						<line branch="true" condition-coverage="0% (0/2)" hits="0" missing-branches="493,499" number="492"/>
						<line branch="true" condition-coverage="0% (0/2)" hits="0" missing-branches="494,497" number="493"/>
						<line branch="true" condition-coverage="0% (0/2)" hits="0" missing-branches="492,495" number="494"/>
						<line hits="0" number="495"/>
						<line hits="0" number="497"/>
						<line hits="0" number="499"/>
						<line hits="0" number="500"/>
						<line hits="0" number="502"/>
						<line hits="0" number="503"/>
						<line hits="1" number="506"/>
						<line hits="1" number="507"/>
						<line hits="1" number="508"/>
						<line hits="1" number="509"/>
						<line hits="1" number="510"/>
						<line hits="1" number="511"/>
						<line hits="1" number="512"/>
						<line hits="1" number="513"/>
						<line hits="1" number="514"/>
						<line hits="1" number="517"/>
						<line hits="1" number="518"/>
						<line hits="1" number="521"/>
						<line hits="0" number="522"/>
						<line hits="0" number="523"/>
						<line hits="0" number="524"/>
					</lines>
				</class>
			</classes>
		</package>
		<package branch-rate="0" complexity="0" line-rate="0.4423" name="graphite.url_shortener">
			<classes>
				<class branch-rate="1" complexity="0" filename="graphite/url_shortener/__init__.py" line-rate="1" name="__init__.py">
					<methods/>
					<lines/>
				</class>
				<class branch-rate="0" complexity="0" filename="graphite/url_shortener/baseconv.py" line-rate="0.3667" name="baseconv.py">
					<methods/>
					<lines>
						<line hits="1" number="15"/>
						<line hits="1" number="16"/>
						<line hits="1" number="18"/>
						<line hits="1" number="19"/>
						<line hits="1" number="21"/>
						<line hits="0" number="22"/>
						<line hits="1" number="24"/>
						<line hits="0" number="25"/>
						<line hits="1" number="27"/>
						<line branch="true" condition-coverage="0% (0/2)" hits="0" missing-branches="30,33" number="29"/>
						<line hits="0" number="30"/>
						<line hits="0" number="31"/>
						<line hits="0" number="33"/>
						<line hits="0" number="36"/>
						<line branch="true" condition-coverage="0% (0/2)" hits="0" missing-branches="38,41" number="37"/>
						<line hits="0" number="38"/>
						<line branch="true" condition-coverage="0% (0/2)" hits="0" missing-branches="42,44" number="41"/>
						<line hits="0" number="42"/>
						<line hits="0" number="44"/>
						<line branch="true" condition-coverage="0% (0/2)" hits="0" missing-branches="46,49" number="45"/>
						<line hits="0" number="46"/>
						<line hits="0" number="47"/>
						<line hits="0" number="48"/>
						<line branch="true" condition-coverage="0% (0/2)" hits="0" missing-branches="50,51" number="49"/>
						<line hits="0" number="50"/>
						<line hits="0" number="51"/>
						<line hits="1" number="52"/>
						<line hits="1" number="55"/>
						<line hits="1" number="56"/>
						<line hits="1" number="57"/>
					</lines>
				</class>
				<class branch-rate="1" complexity="0" filename="graphite/url_shortener/models.py" line-rate="1" name="models.py">
					<methods/>
					<lines>
						<line hits="1" number="1"/>
						<line hits="1" number="3"/>
						<line hits="1" number="4"/>
						<line hits="1" number="5"/>
					</lines>
				</class>
				<class branch-rate="0" complexity="0" filename="graphite/url_shortener/views.py" line-rate="0.4444" name="views.py">
					<methods/>
					<lines>
						<line hits="1" number="1"/>
						<line hits="1" number="2"/>
						<line hits="1" number="3"/>
						<line hits="1" number="5"/>
						<line hits="1" number="6"/>
						<line hits="1" number="7"/>
						<line hits="1" number="10"/>
						<line hits="0" number="12"/>
						<line hits="0" number="13"/>
						<line hits="0" number="14"/>
						<line hits="1" number="17"/>
						<line branch="true" condition-coverage="0% (0/2)" hits="0" missing-branches="19,21" number="18"/>
						<line hits="0" number="19"/>
						<line hits="0" number="21"/>
						<line hits="0" number="23"/>
						<line hits="0" number="24"/>
						<line hits="0" number="25"/>
						<line hits="0" number="26"/>
					</lines>
				</class>
			</classes>
		</package>
		<package branch-rate="1" complexity="0" line-rate="1" name="graphite.version">
			<classes>
				<class branch-rate="1" complexity="0" filename="graphite/version/__init__.py" line-rate="1" name="__init__.py">
					<methods/>
					<lines/>
				</class>
				<class branch-rate="1" complexity="0" filename="graphite/version/urls.py" line-rate="1" name="urls.py">
					<methods/>
					<lines>
						<line hits="1" number="15"/>
						<line hits="1" number="16"/>
						<line hits="1" number="18"/>
					</lines>
				</class>
				<class branch-rate="1" complexity="0" filename="graphite/version/views.py" line-rate="1" name="views.py">
					<methods/>
					<lines>
						<line hits="1" number="1"/>
						<line hits="1" number="2"/>
						<line hits="1" number="5"/>
						<line hits="1" number="6"/>
						<line hits="1" number="9"/>
					</lines>
				</class>
			</classes>
		</package>
		<package branch-rate="1" complexity="0" line-rate="1" name="graphite.whitelist">
			<classes>
				<class branch-rate="1" complexity="0" filename="graphite/whitelist/__init__.py" line-rate="1" name="__init__.py">
					<methods/>
					<lines/>
				</class>
				<class branch-rate="1" complexity="0" filename="graphite/whitelist/urls.py" line-rate="1" name="urls.py">
					<methods/>
					<lines>
						<line hits="1" number="15"/>
						<line hits="1" number="16"/>
						<line hits="1" number="18"/>
					</lines>
				</class>
				<class branch-rate="1" complexity="0" filename="graphite/whitelist/views.py" line-rate="1" name="views.py">
					<methods/>
					<lines>
						<line hits="1" number="15"/>
						<line hits="1" number="16"/>
						<line hits="1" number="17"/>
						<line hits="1" number="18"/>
						<line hits="1" number="20"/>
						<line hits="1" number="21"/>
						<line hits="1" number="24"/>
						<line hits="1" number="25"/>
						<line hits="1" number="26"/>
						<line hits="1" number="27"/>
						<line hits="1" number="28"/>
						<line hits="1" number="29"/>
						<line hits="1" number="31"/>
						<line hits="1" number="32"/>
						<line hits="1" number="33"/>
						<line hits="1" number="34"/>
						<line hits="1" number="35"/>
						<line hits="1" number="36"/>
						<line hits="1" number="38"/>
						<line hits="1" number="39"/>
						<line hits="1" number="40"/>
						<line hits="1" number="41"/>
						<line hits="1" number="43"/>
						<line hits="1" number="44"/>
						<line hits="1" number="45"/>
						<line hits="1" number="46"/>
						<line hits="1" number="48"/>
						<line hits="1" number="49"/>
						<line hits="1" number="50"/>
						<line hits="1" number="51"/>
						<line hits="1" number="52"/>
						<line hits="1" number="53"/>
						<line hits="1" number="54"/>
						<line branch="true" condition-coverage="100% (2/2)" hits="1" number="55"/>
						<line hits="1" number="56"/>
						<line hits="1" number="57"/>
						<line branch="true" condition-coverage="100% (2/2)" hits="1" number="59"/>
						<line hits="1" number="60"/>
					</lines>
				</class>
			</classes>
		</package>
	</packages>
</coverage>
